2026-06-04 23:27:03, MOVE, v:1, k:fup@medico, mode:DOWN
2026-06-04 23:27:04, MOVE, v:1, k:fup@medico, mode:PICK
2026-06-04 23:27:02, MOVE, v:1, k:fup@medico, mode:EDIT
2026-06-04 23:27:03, MOVE, v:1, k:fup@medico, mode:EDIT
2026-06-04 23:28:44, MOVE, v:1, k:fup@medico, mode:EDIT
2026-06-04 23:33:41, EXEC, v:1, k:fup@medico, mode:FULL, rate:40, size:31
2026-06-04 23:33:39, MOVE, v:1, k:fup@medico, mode:EDIT
2026-06-04 23:33:41, MOVE, v:1, k:fup@medico, mode:EDIT
2026-06-04 23:34:05, EXEC, v:1, k:fup@medico, mode:FULL, rate:100, size:31
2026-06-04 23:34:07, MOVE, v:1, k:fup@medico, mode:BACK
2026-06-04 23:34:35, SELF, v:1, k:fup@medico, self:1, rate:100, study:33
2026-06-04 23:35:09, MOVE, v:1, k:fup@castelos, mode:DOWN
2026-06-04 23:35:19, MOVE, v:1, k:fup@castelos, mode:PICK
2026-06-04 23:37:43, EXEC, v:1, k:fup@castelos, mode:FULL, rate:10, size:22
2026-06-04 23:37:57, MOVE, v:1, k:fup@castelos, mode:BACK
2026-06-04 23:38:30, MOVE, v:1, k:fup@botas, mode:DOWN
2026-06-04 23:38:32, MOVE, v:1, k:fup@botas, mode:PICK
2026-06-04 23:34:03, MOVE, v:1, k:fup@medico, mode:EDIT
2026-06-04 23:34:04, MOVE, v:1, k:fup@medico, mode:EDIT
2026-06-04 23:35:09, MOVE, v:1, k:fup@castelos, mode:EDIT
2026-06-04 23:35:09, MOVE, v:1, k:fup@castelos, mode:EDIT
2026-06-04 23:38:14, MOVE, v:1, k:fup@castelos, mode:EDIT
2026-06-04 23:37:43, MOVE, v:1, k:fup@castelos, mode:EDIT
2026-06-04 23:38:30, MOVE, v:1, k:fup@botas, mode:EDIT
2026-06-04 23:38:30, MOVE, v:1, k:fup@botas, mode:EDIT
2026-06-04 23:38:52, MOVE, v:1, k:fup@botas, mode:EDIT
2026-06-04 23:42:18, EXEC, v:1, k:fup@botas, mode:FULL, rate:0, size:32
2026-06-04 23:42:29, EXEC, v:1, k:fup@botas, mode:FULL, rate:0, size:32
2026-06-04 23:43:32, MOVE, v:1, k:fup@botas, mode:BACK
2026-06-04 23:43:52, MOVE, v:1, k:fup@primo, mode:DOWN
2026-06-04 23:43:22, MOVE, v:1, k:fup@botas, mode:EDIT
2026-06-04 23:42:29, MOVE, v:1, k:fup@botas, mode:EDIT
2026-06-04 23:43:52, MOVE, v:1, k:fup@primo, mode:EDIT
2026-06-04 23:43:52, MOVE, v:1, k:fup@primo, mode:EDIT
2026-06-04 23:43:53, MOVE, v:1, k:fup@primo, mode:PICK
2026-06-04 23:46:29, EXEC, v:1, k:fup@primo, mode:FULL, rate:100, size:17
2026-06-04 23:46:46, MOVE, v:1, k:fup@primo, mode:BACK
2026-06-04 23:46:53, SELF, v:1, k:fup@primo, self:1, rate:100, study:25
2026-06-04 23:47:32, MOVE, v:1, k:fup@exemplares, mode:DOWN
2026-06-04 23:47:34, MOVE, v:1, k:fup@exemplares, mode:PICK
2026-06-04 23:46:28, MOVE, v:1, k:fup@primo, mode:EDIT
2026-06-04 23:46:29, MOVE, v:1, k:fup@primo, mode:EDIT
2026-06-04 23:47:32, MOVE, v:1, k:fup@exemplares, mode:EDIT
2026-06-04 23:47:32, MOVE, v:1, k:fup@exemplares, mode:EDIT
2026-06-04 23:48:53, MOVE, v:1, k:fup@exemplares, mode:EDIT
2026-06-04 23:53:37, MOVE, v:1, k:fup@exemplares, mode:EDIT
2026-06-04 23:55:21, EXEC, v:1, k:fup@exemplares, mode:FULL, rate:0, size:40
2026-06-04 23:55:59, EXEC, v:1, k:fup@exemplares, mode:FULL, rate:0, size:40
2026-06-04 23:56:13, EXEC, v:1, k:fup@exemplares, mode:FULL, rate:100, size:40
2026-06-04 23:56:24, MOVE, v:1, k:fup@exemplares, mode:BACK
2026-06-04 23:56:45, MOVE, v:1, k:fup@parkour, mode:DOWN
2026-06-04 23:56:45, MOVE, v:1, k:fup@parkour, mode:PICK
2026-06-04 23:56:10, MOVE, v:1, k:fup@exemplares, mode:EDIT
2026-06-04 23:56:13, MOVE, v:1, k:fup@exemplares, mode:EDIT
2026-06-04 23:56:45, MOVE, v:1, k:fup@parkour, mode:EDIT
2026-06-04 23:56:45, MOVE, v:1, k:fup@parkour, mode:EDIT
2026-06-04 23:58:52, MOVE, v:1, k:fup@parkour, mode:EDIT
