2026-05-26 16:50:27, MOVE, v:1, k:fup@dindin, mode:PICK
2026-05-26 16:50:27, EXEC, v:1, k:fup@dindin, mode:FULL, rate:37
2026-05-26 16:50:27, MOVE, v:1, k:fup@dindin, mode:EDIT
2026-05-26 16:53:51, MOVE, v:1, k:fup@dindin, mode:EDIT
2026-05-26 16:57:44, EXEC, v:1, k:fup@dindin, mode:FULL, rate:100, size:45
2026-05-26 16:58:15, MOVE, v:1, k:fup@dindin, mode:BACK
2026-05-26 16:58:56, MOVE, v:1, k:fup@dindin, mode:PICK
2026-05-26 16:59:06, EXEC, v:1, k:fup@dindin, mode:FULL, rate:37, size:45
2026-05-26 16:59:15, EXEC, v:1, k:fup@dindin, mode:FULL, rate:50, size:45
2026-05-26 16:59:13, MOVE, v:1, k:fup@dindin, mode:EDIT
2026-05-26 16:59:15, MOVE, v:1, k:fup@dindin, mode:EDIT
2026-05-26 17:00:22, MOVE, v:1, k:fup@dindin, mode:BACK
2026-05-26 17:00:38, MOVE, v:1, k:sandbox@user_006, mode:PICK
2026-05-26 17:03:57, MOVE, v:1, k:sandbox@user_006, mode:EDIT
2026-05-26 17:08:18, EXEC, v:1, k:sandbox@user_006, mode:FULL, size:35, fail:COMP
2026-05-26 17:09:08, EXEC, v:1, k:sandbox@user_006, mode:LOCK, rate:0, size:35
2026-05-26 17:09:19, MOVE, v:1, k:sandbox@user_006, mode:EDIT
2026-05-26 17:09:08, MOVE, v:1, k:sandbox@user_006, mode:EDIT
2026-05-26 17:12:37, EXEC, v:1, k:sandbox@user_006, mode:LOCK, rate:0, size:19
2026-05-26 17:12:59, EXEC, v:1, k:sandbox@user_006, mode:LOCK, rate:0, size:20
2026-05-26 17:13:24, EXEC, v:1, k:sandbox@user_006, mode:LOCK, rate:0, size:21
2026-05-26 17:13:33, EXEC, v:1, k:sandbox@user_006, mode:LOCK, rate:0, size:21
2026-05-26 17:13:44, EXEC, v:1, k:sandbox@user_006, mode:LOCK, rate:0, size:21
2026-05-26 17:14:47, MOVE, v:1, k:sandbox@user_006, mode:EDIT
2026-05-26 17:13:44, MOVE, v:1, k:sandbox@user_006, mode:EDIT
2026-05-26 17:14:52, EXEC, v:1, k:sandbox@user_006, mode:LOCK, rate:0, size:25
2026-05-26 17:15:21, EXEC, v:1, k:sandbox@user_006, mode:LOCK, rate:0, size:25
2026-05-26 17:16:04, EXEC, v:1, k:sandbox@user_006, mode:LOCK, rate:0, size:25
2026-05-26 17:16:21, EXEC, v:1, k:sandbox@user_006, mode:LOCK, rate:0, size:24
2026-05-26 17:17:31, EXEC, v:1, k:sandbox@user_006, mode:LOCK, rate:0, size:24
2026-05-26 17:17:50, EXEC, v:1, k:sandbox@user_006, mode:LOCK, rate:0, size:24
2026-05-26 17:18:25, EXEC, v:1, k:sandbox@user_006, mode:LOCK, rate:0, size:24
2026-05-26 17:18:22, MOVE, v:1, k:sandbox@user_006, mode:EDIT
2026-05-26 17:18:25, MOVE, v:1, k:sandbox@user_006, mode:EDIT
2026-05-26 17:24:47, MOVE, v:1, k:sandbox@user_006, mode:EDIT
2026-05-26 17:25:40, EXEC, v:1, k:sandbox@user_006, mode:LOCK, rate:0, size:34
2026-05-26 17:25:27, MOVE, v:1, k:sandbox@user_006, mode:EDIT
2026-05-26 17:25:40, MOVE, v:1, k:sandbox@user_006, mode:EDIT
2026-05-26 17:52:42, EXEC, v:1, k:sandbox@user_006, mode:LOCK, rate:0
2026-05-26 17:52:47, MOVE, v:1, k:sandbox@user_006, mode:BACK
2026-05-26 18:00:14, MOVE, v:1, k:sandbox@user_006, mode:PICK
2026-05-26 18:00:25, EXEC, v:1, k:sandbox@user_006, mode:LOCK, rate:0, size:56
2026-05-26 18:00:21, MOVE, v:1, k:sandbox@user_006, mode:EDIT
2026-05-26 18:00:25, MOVE, v:1, k:sandbox@user_006, mode:EDIT
