2026-06-19 00:01:05, EXEC, v:1, k:fup@baruel, mode:FULL, rate:50, size:45
2026-06-19 00:01:22, EXEC, v:1, k:fup@baruel, mode:FULL, rate:25, size:45
2026-06-19 00:01:30, EXEC, v:1, k:fup@baruel, mode:FULL, rate:25, size:45
2026-06-19 00:01:38, EXEC, v:1, k:fup@baruel, mode:FULL, rate:50, size:45
2026-06-19 00:01:46, EXEC, v:1, k:fup@baruel, mode:FULL, rate:25, size:45
2026-06-19 00:01:52, EXEC, v:1, k:fup@baruel, mode:FULL, rate:50, size:45
2026-06-19 00:01:52, MOVE, v:1, k:fup@baruel, mode:EDIT
2026-06-19 00:01:52, MOVE, v:1, k:fup@baruel, mode:EDIT
2026-06-19 00:03:00, EXEC, v:1, k:fup@baruel, mode:FULL, rate:25, size:45
2026-06-19 00:03:59, EXEC, v:1, k:fup@baruel, mode:FULL, rate:50, size:45
2026-06-19 00:04:44, EXEC, v:1, k:fup@baruel, mode:FULL, rate:50
2026-06-19 00:06:02, EXEC, v:1, k:fup@baruel, mode:FULL, rate:0, size:45
2026-06-19 00:06:17, EXEC, v:1, k:fup@baruel, mode:FULL, rate:0, size:45
2026-06-19 00:06:26, EXEC, v:1, k:fup@baruel, mode:FULL, rate:25, size:45
2026-06-19 00:06:33, EXEC, v:1, k:fup@baruel, mode:FULL, rate:25, size:45
2026-06-19 00:06:50, EXEC, v:1, k:fup@baruel, mode:FULL, rate:0, size:45
2026-06-19 00:06:58, EXEC, v:1, k:fup@baruel, mode:FULL, rate:50, size:45
2026-06-19 00:07:06, EXEC, v:1, k:fup@baruel, mode:FULL, rate:50, size:45
2026-06-19 00:07:06, MOVE, v:1, k:fup@baruel, mode:EDIT
2026-06-19 00:07:06, MOVE, v:1, k:fup@baruel, mode:EDIT
2026-06-19 00:07:15, EXEC, v:1, k:fup@baruel, mode:FULL, rate:0, size:45
2026-06-19 00:07:20, EXEC, v:1, k:fup@baruel, mode:FULL, rate:25, size:45
2026-06-19 00:07:26, EXEC, v:1, k:fup@baruel, mode:FULL, rate:25, size:45
2026-06-19 00:07:31, EXEC, v:1, k:fup@baruel, mode:FULL, rate:50
2026-06-19 00:07:42, EXEC, v:1, k:fup@baruel, mode:FULL, rate:25, size:45
2026-06-19 00:08:13, EXEC, v:1, k:fup@baruel, mode:FULL, rate:0, size:45
2026-06-19 00:08:35, EXEC, v:1, k:fup@baruel, mode:FULL, rate:0, size:45
2026-06-19 00:08:45, EXEC, v:1, k:fup@baruel, mode:FULL, rate:0, size:45
2026-06-19 00:08:50, EXEC, v:1, k:fup@baruel, mode:FULL, rate:25, size:45
2026-06-19 00:09:01, EXEC, v:1, k:fup@baruel, mode:FULL, rate:50, size:45
2026-06-19 00:09:19, EXEC, v:1, k:fup@baruel, mode:FULL, rate:25, size:45
2026-06-19 00:09:24, EXEC, v:1, k:fup@baruel, mode:FULL, rate:25, size:45
2026-06-19 00:09:24, MOVE, v:1, k:fup@baruel, mode:EDIT
2026-06-19 00:09:24, MOVE, v:1, k:fup@baruel, mode:EDIT
2026-06-19 00:32:44, EXEC, v:1, k:fup@baruel, mode:FULL, rate:50, size:45
2026-06-19 00:33:00, EXEC, v:1, k:fup@baruel, mode:FULL, rate:25, size:45
2026-06-19 00:33:06, EXEC, v:1, k:fup@baruel, mode:FULL, rate:50, size:45
2026-06-19 00:34:36, EXEC, v:1, k:fup@baruel, mode:FULL, rate:0, size:45
2026-06-19 00:34:53, EXEC, v:1, k:fup@baruel, mode:FULL, rate:50, size:45
2026-06-19 00:36:23, EXEC, v:1, k:fup@baruel, mode:FULL, rate:0, size:45
2026-06-19 00:36:32, EXEC, v:1, k:fup@baruel, mode:FULL, rate:0, size:45
2026-06-19 00:36:40, EXEC, v:1, k:fup@baruel, mode:FULL, rate:0, size:45
2026-06-19 00:36:47, EXEC, v:1, k:fup@baruel, mode:FULL, rate:25, size:45
2026-06-19 00:36:52, EXEC, v:1, k:fup@baruel, mode:FULL, rate:50, size:45
2026-06-19 00:36:58, EXEC, v:1, k:fup@baruel, mode:FULL, rate:50
2026-06-19 00:36:58, MOVE, v:1, k:fup@baruel, mode:EDIT
2026-06-19 00:36:58, MOVE, v:1, k:fup@baruel, mode:EDIT
2026-06-19 00:37:19, EXEC, v:1, k:fup@baruel, mode:FULL, rate:25
2026-06-19 00:37:47, EXEC, v:1, k:fup@baruel, mode:FULL, rate:0, size:45
2026-06-19 00:38:00, EXEC, v:1, k:fup@baruel, mode:FULL, rate:0, size:45
2026-06-19 00:38:38, EXEC, v:1, k:fup@baruel, mode:FULL, rate:50, size:45
2026-06-19 00:40:49, EXEC, v:1, k:fup@baruel, mode:FULL, rate:0, size:45
2026-06-19 00:40:59, EXEC, v:1, k:fup@baruel, mode:FULL, rate:0, size:45
2026-06-19 00:41:45, EXEC, v:1, k:fup@baruel, mode:FULL, rate:50, size:45
2026-06-19 00:41:43, MOVE, v:1, k:fup@baruel, mode:EDIT
2026-06-19 00:41:45, MOVE, v:1, k:fup@baruel, mode:EDIT
2026-06-19 00:42:25, MOVE, v:1, k:fup@baruel, mode:BACK
2026-06-19 00:42:43, MOVE, v:1, k:fup@revolta, mode:DOWN
2026-06-19 00:42:45, MOVE, v:1, k:fup@revolta, mode:PICK
2026-06-19 00:42:43, MOVE, v:1, k:fup@revolta, mode:EDIT
2026-06-19 00:51:27, EXEC, v:1, k:fup@revolta, mode:FULL, rate:20, size:26
2026-06-19 00:52:06, EXEC, v:1, k:fup@revolta, mode:FULL, rate:100, size:26
2026-06-19 00:52:08, MOVE, v:1, k:fup@revolta, mode:BACK
2026-06-19 00:52:02, MOVE, v:1, k:fup@revolta, mode:EDIT
2026-06-19 00:52:06, MOVE, v:1, k:fup@revolta, mode:EDIT
2026-06-19 00:52:27, SELF, v:1, k:fup@revolta, self:1, rate:100, study:15
2026-06-19 00:55:37, MOVE, v:1, k:fup@cartas, mode:DOWN
2026-06-19 00:55:38, MOVE, v:1, k:fup@cartas, mode:PICK
2026-06-19 00:55:37, MOVE, v:1, k:fup@cartas, mode:EDIT
2026-06-19 00:57:13, MOVE, v:1, k:fup@cartas, mode:EDIT
2026-06-19 00:59:31, EXEC, v:1, k:fup@cartas, mode:FULL, rate:20, size:20
2026-06-19 01:01:54, EXEC, v:1, k:fup@cartas, mode:FULL, rate:100, size:31
2026-06-19 01:01:55, MOVE, v:1, k:fup@cartas, mode:BACK
2026-06-19 01:02:10, SELF, v:1, k:fup@cartas, self:1, rate:100, study:15
2026-06-19 01:01:47, MOVE, v:1, k:fup@cartas, mode:EDIT
2026-06-19 01:01:54, MOVE, v:1, k:fup@cartas, mode:EDIT
2026-06-19 01:02:23, SELF, v:1, k:fup@cartas, self:1, rate:100, study:16
