2026-06-26 11:56:08, MOVE, v:1, k:fup@trilhas, mode:PICK
2026-06-26 11:58:10, MOVE, v:1, k:fup@trilhas, mode:EDIT
2026-06-26 12:03:08, MOVE, v:1, k:fup@trilhas, mode:EDIT
2026-06-26 12:04:46, EXEC, v:1, k:fup@trilhas, mode:FULL, rate:18, size:44
2026-06-26 12:06:02, EXEC, v:1, k:fup@trilhas, mode:FULL, rate:100, size:45
2026-06-26 12:06:04, MOVE, v:1, k:fup@trilhas, mode:BACK
2026-06-26 12:06:30, SELF, v:1, k:fup@trilhas, self:1, rate:100, study:38
2026-06-26 12:07:33, MOVE, v:1, k:fup@xuxa, mode:PICK
2026-06-26 12:07:34, EXEC, v:1, k:fup@xuxa, mode:FULL, rate:0
2026-06-26 12:05:24, MOVE, v:1, k:fup@trilhas, mode:EDIT
2026-06-26 12:06:01, MOVE, v:1, k:fup@trilhas, mode:EDIT
2026-06-26 12:07:34, MOVE, v:1, k:fup@xuxa, mode:EDIT
2026-06-26 12:12:08, EXEC, v:1, k:fup@xuxa, mode:FULL, size:14, fail:COMP
2026-06-26 12:12:55, MOVE, v:1, k:fup@xuxa, mode:EDIT
2026-06-26 12:13:29, EXEC, v:1, k:fup@xuxa, mode:FULL, rate:0, size:14
2026-06-26 12:14:57, EXEC, v:1, k:fup@xuxa, mode:FULL, rate:0, size:17
2026-06-26 12:15:34, EXEC, v:1, k:fup@xuxa, mode:FULL, rate:0, size:16
2026-06-26 12:17:09, EXEC, v:1, k:fup@xuxa, mode:FULL, rate:0, size:17
2026-06-26 12:17:27, MOVE, v:1, k:fup@xuxa, mode:EDIT
2026-06-26 12:17:09, MOVE, v:1, k:fup@xuxa, mode:EDIT
2026-06-26 12:19:23, EXEC, v:1, k:fup@xuxa, mode:FULL, rate:0, size:21
2026-06-26 12:19:34, EXEC, v:1, k:fup@xuxa, mode:FULL, rate:0
2026-06-26 12:19:34, MOVE, v:1, k:fup@xuxa, mode:BACK
2026-06-26 12:19:35, MOVE, v:1, k:fup@xuxa, mode:PICK
2026-06-26 12:19:40, EXEC, v:1, k:fup@xuxa, mode:FULL, rate:0
2026-06-26 12:19:52, EXEC, v:1, k:fup@xuxa, mode:FULL, rate:0
2026-06-26 12:20:34, EXEC, v:1, k:fup@xuxa, mode:FULL, rate:0
2026-06-26 12:20:53, EXEC, v:1, k:fup@xuxa, mode:FULL, rate:0, size:21
2026-06-26 12:21:03, EXEC, v:1, k:fup@xuxa, mode:FULL, rate:0, size:21
2026-06-26 12:21:08, MOVE, v:1, k:fup@xuxa, mode:BACK
