2026-07-01 00:01:22, MOVE, v:1, k:fup@eribelton, mode:EDIT
2026-07-01 00:03:44, EXEC, v:1, k:fup@eribelton, mode:FULL, rate:0, size:31
2026-07-01 00:03:53, MOVE, v:1, k:fup@eribelton, mode:BACK
2026-07-01 00:04:04, MOVE, v:1, k:fup@disfarce, mode:DOWN
2026-07-01 00:04:05, MOVE, v:1, k:fup@disfarce, mode:PICK
2026-07-01 00:04:09, EXEC, v:1, k:fup@disfarce, mode:FULL, rate:0, size:5
2026-07-01 00:03:43, MOVE, v:1, k:fup@eribelton, mode:EDIT
2026-07-01 00:03:44, MOVE, v:1, k:fup@eribelton, mode:EDIT
2026-07-01 00:04:04, MOVE, v:1, k:fup@disfarce, mode:EDIT
2026-07-01 00:04:09, MOVE, v:1, k:fup@disfarce, mode:EDIT
2026-07-01 00:06:31, MOVE, v:1, k:fup@disfarce, mode:EDIT
2026-07-01 00:11:12, EXEC, v:1, k:fup@disfarce, mode:FULL, size:41, fail:COMP
2026-07-01 00:11:21, EXEC, v:1, k:fup@disfarce, mode:FULL, fail:COMP
2026-07-01 00:11:30, EXEC, v:1, k:fup@disfarce, mode:FULL, rate:50, size:41
2026-07-01 00:11:22, MOVE, v:1, k:fup@disfarce, mode:EDIT
2026-07-01 00:11:30, MOVE, v:1, k:fup@disfarce, mode:EDIT
2026-07-01 00:11:39, EXEC, v:1, k:fup@disfarce, mode:FULL, rate:100, size:41
2026-07-01 00:11:40, MOVE, v:1, k:fup@disfarce, mode:BACK
2026-07-01 00:11:48, SELF, v:1, k:fup@disfarce, self:1, rate:100, study:20
2026-07-01 00:11:48, MOVE, v:1, k:fup@disfarce, mode:PICK
2026-07-01 00:11:50, MOVE, v:1, k:fup@disfarce, mode:BACK
