2026-03-17 16:50:15, MOVE, v:1, k:fup@celsius, mode:PICK
2026-03-17 16:50:46, EXEC, v:1, k:fup@celsius, mode:FULL, rate:0, size:8
2026-03-17 16:51:01, EXEC, v:1, k:fup@celsius, mode:FULL, rate:100, size:8
2026-03-17 16:52:08, EXEC, v:1, k:fup@celsius, mode:FULL, rate:0, size:8
2026-03-17 16:52:40, MOVE, v:1, k:fup@celsius, mode:PICK
2026-03-17 16:52:52, EXEC, v:1, k:fup@celsius, mode:FULL, rate:0, size:8
2026-03-17 16:53:20, EXEC, v:1, k:fup@celsius, mode:FULL, rate:100, size:8
2026-03-17 16:53:29, MOVE, v:1, k:fup@celsius, mode:BACK
2026-03-17 16:53:33, MOVE, v:1, k:fup@pintando, mode:DOWN
2026-03-17 16:53:38, MOVE, v:1, k:fup@pintando, mode:PICK
2026-03-17 16:59:01, EXEC, v:1, k:fup@pintando, mode:FULL, rate:0, size:9
2026-03-17 16:59:29, EXEC, v:1, k:fup@pintando, mode:FULL, rate:0, size:9
2026-03-17 16:59:39, EXEC, v:1, k:fup@pintando, mode:FULL, rate:0, size:9
2026-03-17 17:00:03, EXEC, v:1, k:fup@pintando, mode:FULL, rate:0, size:9
2026-03-17 17:00:44, EXEC, v:1, k:fup@pintando, mode:FULL, rate:0, size:9
2026-03-17 17:00:54, EXEC, v:1, k:fup@pintando, mode:FULL, rate:0, size:9
2026-03-17 17:01:11, EXEC, v:1, k:fup@pintando, mode:FULL, rate:0, size:9
2026-03-17 17:01:26, EXEC, v:1, k:fup@pintando, mode:FULL, rate:0, size:9
2026-03-17 17:01:42, EXEC, v:1, k:fup@pintando, mode:FULL, rate:0, size:9
2026-03-17 17:02:16, MOVE, v:1, k:fup@pintando, mode:BACK
2026-03-17 17:02:18, MOVE, v:1, k:fup@celsius, mode:PICK
2026-03-17 17:03:19, EXEC, v:1, k:fup@celsius, mode:FULL, rate:100
2026-03-17 17:03:24, MOVE, v:1, k:fup@celsius, mode:BACK
2026-03-17 17:03:28, MOVE, v:1, k:fup@pintando, mode:PICK
2026-03-17 17:03:31, EXEC, v:1, k:fup@pintando, mode:FULL, rate:0, size:9
2026-03-17 17:03:38, EXEC, v:1, k:fup@pintando, mode:FULL, rate:25, size:9
2026-03-17 17:03:47, MOVE, v:1, k:fup@pintando, mode:BACK
2026-03-17 17:03:49, MOVE, v:1, k:fup@pintando, mode:PICK
2026-03-17 17:03:55, EXEC, v:1, k:fup@pintando, mode:FULL, rate:25
2026-03-17 17:04:14, EXEC, v:1, k:fup@pintando, mode:FULL, rate:25
2026-03-17 17:04:35, MOVE, v:1, k:fup@pintando, mode:BACK
