2026-04-12 21:40:19, MOVE, v:1, k:fup@tres, mode:PICK
2026-04-12 21:40:27, EXEC, v:1, k:fup@tres, mode:FULL, rate:100
2026-04-12 21:40:26, MOVE, v:1, k:fup@tres, mode:EDIT
2026-04-12 22:59:10, MOVE, v:1, k:fup@tres, mode:PICK
2026-04-12 22:59:24, EXEC, v:1, k:fup@tres, mode:FULL, rate:100
2026-04-12 22:59:26, MOVE, v:1, k:fup@tres, mode:BACK
2026-04-12 22:59:38, MOVE, v:1, k:fup@abs, mode:PICK
2026-04-12 22:59:42, EXEC, v:1, k:fup@abs, mode:FREE
2026-04-12 23:00:05, EXEC, v:1, k:fup@abs, mode:FULL, rate:100
2026-04-12 23:00:06, MOVE, v:1, k:fup@abs, mode:BACK
2026-04-12 23:00:11, MOVE, v:1, k:fup@max, mode:PICK
2026-04-12 23:00:23, MOVE, v:1, k:fup@max, mode:BACK
2026-04-12 23:00:28, MOVE, v:1, k:fup@calc, mode:PICK
2026-04-12 23:01:09, MOVE, v:1, k:fup@calc, mode:BACK
2026-04-12 23:01:13, MOVE, v:1, k:fup@guarda, mode:PICK
2026-04-12 23:01:36, EXEC, v:1, k:fup@guarda, mode:FULL, rate:100
2026-04-12 23:02:04, MOVE, v:1, k:fup@guarda, mode:BACK
2026-04-12 23:02:13, MOVE, v:1, k:fup@jokenpo, mode:PICK
2026-04-12 23:03:03, MOVE, v:1, k:fup@jokenpo, mode:BACK
2026-04-12 23:03:38, SELF, v:1, k:fup@monica, self:1, rate:4, study:20
2026-04-12 23:03:49, MOVE, v:1, k:fup@monica, mode:PICK
2026-04-12 23:03:55, EXEC, v:1, k:fup@monica, mode:FULL, rate:100
2026-04-12 23:03:57, MOVE, v:1, k:fup@monica, mode:BACK
2026-04-12 23:04:02, MOVE, v:1, k:fup@drone, mode:PICK
2026-04-12 22:59:24, MOVE, v:1, k:fup@tres, mode:EDIT
2026-04-12 23:00:05, MOVE, v:1, k:fup@abs, mode:EDIT
2026-04-12 23:01:36, MOVE, v:1, k:fup@guarda, mode:EDIT
2026-04-12 23:03:55, MOVE, v:1, k:fup@monica, mode:EDIT
2026-04-12 23:04:10, EXEC, v:1, k:fup@drone, mode:FULL, rate:100, size:24
2026-04-12 23:04:11, MOVE, v:1, k:fup@drone, mode:BACK
2026-04-12 23:04:41, SELF, v:1, k:fup@drone, self:1, rate:100, study:25
2026-04-12 23:05:07, MOVE, v:1, k:fup@teleferico, mode:PICK
2026-04-12 23:05:13, EXEC, v:1, k:fup@teleferico, mode:FULL, rate:100
2026-04-12 23:05:19, MOVE, v:1, k:fup@teleferico, mode:BACK
2026-04-12 23:05:29, SELF, v:1, k:fup@teleferico, self:1, rate:100, study:15
2026-04-12 23:05:42, MOVE, v:1, k:fup@goiabas, mode:PICK
2026-04-12 23:05:54, EXEC, v:1, k:fup@goiabas, mode:FULL, rate:100
2026-04-12 23:05:56, MOVE, v:1, k:fup@goiabas, mode:BACK
2026-04-12 23:06:05, MOVE, v:1, k:fup@goiabas, mode:PICK
2026-04-12 23:06:30, MOVE, v:1, k:fup@goiabas, mode:BACK
2026-04-12 23:06:39, SELF, v:1, k:fup@goiabas, self:1, rate:100, study:7
2026-04-12 23:07:09, MOVE, v:1, k:fup@cobra, mode:PICK
2026-04-12 23:07:24, MOVE, v:1, k:fup@cobra, mode:BACK
2026-04-12 23:08:52, SELF, v:1, k:fup@monica, self:1, rate:4, study:20
2026-04-12 23:08:52, MOVE, v:1, k:fup@monica, mode:PICK
2026-04-12 23:08:54, MOVE, v:1, k:fup@monica, mode:BACK
2026-04-12 23:09:00, MOVE, v:1, k:fup@monica, mode:PICK
2026-04-12 23:09:03, EXEC, v:1, k:fup@monica, mode:FULL, rate:100
2026-04-12 23:09:13, MOVE, v:1, k:fup@monica, mode:BACK
2026-04-12 23:09:29, MOVE, v:1, k:fup@abs, mode:PICK
2026-04-12 23:09:33, EXEC, v:1, k:fup@abs, mode:FULL, rate:100
2026-04-12 23:09:44, MOVE, v:1, k:fup@abs, mode:BACK
2026-04-12 23:10:01, SELF, v:1, k:fup@tv, self:1, study:40
2026-04-12 23:10:01, MOVE, v:1, k:fup@tv, mode:PICK
2026-04-12 23:10:02, MOVE, v:1, k:fup@tv, mode:BACK
2026-04-12 23:10:09, MOVE, v:1, k:fup@tv, mode:PICK
2026-04-12 23:10:10, EXEC, v:1, k:fup@tv, mode:FULL, rate:100, size:39
2026-04-12 23:10:11, MOVE, v:1, k:fup@tv, mode:BACK
2026-04-12 23:09:03, MOVE, v:1, k:fup@monica, mode:EDIT
2026-04-12 23:09:33, MOVE, v:1, k:fup@abs, mode:EDIT
2026-04-12 23:10:10, MOVE, v:1, k:fup@tv, mode:EDIT
