2026-06-09 16:57:12, MOVE, v:1, k:fup@batraquios, mode:DOWN
2026-06-09 16:57:15, MOVE, v:1, k:fup@batraquios, mode:PICK
2026-06-09 16:57:37, EXEC, v:1, k:fup@batraquios, mode:FULL, rate:0, size:5
2026-06-09 16:58:12, MOVE, v:1, k:fup@batraquios, mode:BACK
2026-06-09 16:58:17, MOVE, v:1, k:fup@vet_i, mode:PICK
2026-06-09 16:58:18, EXEC, v:1, k:fup@vet_i, mode:FULL, rate:100
2026-06-09 16:58:41, MOVE, v:1, k:fup@vet_i, mode:BACK
2026-06-09 16:58:45, MOVE, v:1, k:fup@batraquios, mode:PICK
2026-06-09 16:57:12, MOVE, v:1, k:fup@batraquios, mode:EDIT
2026-06-09 16:57:12, MOVE, v:1, k:fup@batraquios, mode:EDIT
2026-06-09 16:57:12, MOVE, v:1, k:fup@batraquios, mode:EDIT
2026-06-09 16:57:37, MOVE, v:1, k:fup@batraquios, mode:EDIT
2026-06-09 16:59:07, MOVE, v:1, k:fup@batraquios, mode:EDIT
2026-06-09 16:58:18, MOVE, v:1, k:fup@vet_i, mode:EDIT
2026-06-09 17:03:51, MOVE, v:1, k:fup@batraquios, mode:BACK
2026-06-09 17:03:56, MOVE, v:1, k:fup@troco, mode:DOWN
2026-06-09 17:03:56, MOVE, v:1, k:fup@troco, mode:PICK
2026-06-09 17:03:43, MOVE, v:1, k:fup@batraquios, mode:EDIT
2026-06-09 17:03:56, MOVE, v:1, k:fup@troco, mode:EDIT
2026-06-09 17:03:56, MOVE, v:1, k:fup@troco, mode:EDIT
2026-06-09 17:03:56, MOVE, v:1, k:fup@troco, mode:EDIT
2026-06-09 17:16:19, MOVE, v:1, k:fup@troco, mode:EDIT
2026-06-09 17:20:55, MOVE, v:1, k:fup@troco, mode:EDIT
2026-06-09 17:24:48, MOVE, v:1, k:fup@troco, mode:EDIT
2026-06-09 17:45:56, MOVE, v:1, k:fup@troco, mode:BACK
2026-06-09 17:46:14, MOVE, v:1, k:fup@parkour, mode:PICK
2026-06-09 17:46:30, EXEC, v:1, k:fup@parkour, mode:FULL, rate:100
2026-06-09 17:47:25, MOVE, v:1, k:fup@parkour, mode:BACK
2026-06-09 17:47:32, MOVE, v:1, k:fup@batraquios, mode:PICK
2026-06-09 17:49:04, MOVE, v:1, k:fup@batraquios, mode:BACK
2026-06-09 17:49:09, MOVE, v:1, k:fup@vet_i, mode:PICK
2026-06-09 17:49:19, MOVE, v:1, k:fup@vet_i, mode:BACK
2026-06-09 17:49:25, MOVE, v:1, k:fup@vet_ii, mode:PICK
2026-06-09 17:50:41, EXEC, v:1, k:fup@vet_ii, mode:FULL, rate:100
2026-06-09 17:50:48, MOVE, v:1, k:fup@vet_ii, mode:BACK
2026-06-09 17:50:51, MOVE, v:1, k:fup@batraquios, mode:PICK
2026-06-09 17:50:52, EXEC, v:1, k:fup@batraquios, mode:FULL, rate:0, size:13
2026-06-09 17:46:29, MOVE, v:1, k:fup@parkour, mode:EDIT
2026-06-09 17:50:40, MOVE, v:1, k:fup@batraquios, mode:EDIT
2026-06-09 17:50:41, MOVE, v:1, k:fup@vet_ii, mode:EDIT
2026-06-09 17:50:52, MOVE, v:1, k:fup@batraquios, mode:EDIT
2026-06-09 17:53:12, EXEC, v:1, k:fup@batraquios, mode:FULL, rate:0, size:20
2026-06-09 17:54:22, EXEC, v:1, k:fup@batraquios, mode:FULL, rate:0, size:18
2026-06-09 17:54:44, EXEC, v:1, k:fup@batraquios, mode:FULL, rate:0, size:17
2026-06-09 17:55:29, MOVE, v:1, k:fup@batraquios, mode:BACK
2026-06-09 17:55:35, MOVE, v:1, k:fup@troco, mode:PICK
2026-06-09 17:54:44, MOVE, v:1, k:fup@batraquios, mode:EDIT
2026-06-09 17:54:44, MOVE, v:1, k:fup@batraquios, mode:EDIT
2026-06-09 18:01:22, MOVE, v:1, k:fup@troco, mode:EDIT
2026-06-09 18:02:11, EXEC, v:1, k:fup@troco, mode:FULL, rate:80, size:30
2026-06-09 18:03:43, EXEC, v:1, k:fup@troco, mode:FULL, rate:100, size:30
2026-06-09 18:03:46, MOVE, v:1, k:fup@troco, mode:BACK
2026-06-09 18:04:13, SELF, v:1, k:fup@troco, self:1, rate:100, study:44, friend:Hannah
