2026-04-06 00:41:24, MOVE, v:1, k:fup@impar, mode:PICK
2026-04-06 00:44:19, EXEC, v:1, k:fup@impar, mode:FULL, rate:100, size:20
2026-04-06 00:44:44, EXEC, v:1, k:fup@impar, mode:FULL, rate:100
2026-04-06 00:44:46, MOVE, v:1, k:fup@impar, mode:BACK
2026-04-06 00:45:01, SELF, v:1, k:fup@impar, self:1, rate:100, study:6
2026-04-06 00:45:04, MOVE, v:1, k:fup@round, mode:DOWN
2026-04-06 00:45:05, MOVE, v:1, k:fup@round, mode:PICK
2026-04-06 00:47:23, EXEC, v:1, k:fup@round, mode:FULL, rate:0, size:50
2026-04-06 00:48:57, EXEC, v:1, k:fup@round, mode:FULL, rate:0, size:24
2026-04-06 00:49:08, MOVE, v:1, k:fup@round, mode:BACK
2026-04-06 00:49:33, MOVE, v:1, k:fup@mumia, mode:DOWN
2026-04-06 00:49:34, MOVE, v:1, k:fup@mumia, mode:PICK
2026-04-06 00:57:15, EXEC, v:1, k:fup@mumia, mode:FULL, rate:100, size:21
2026-04-06 00:57:34, MOVE, v:1, k:fup@mumia, mode:BACK
2026-04-06 00:57:37, MOVE, v:1, k:fup@meio, mode:DOWN
2026-04-06 00:57:39, MOVE, v:1, k:fup@meio, mode:PICK
2026-04-06 00:59:38, EXEC, v:1, k:fup@meio, mode:FULL, rate:100, size:14
2026-04-06 00:59:41, MOVE, v:1, k:fup@meio, mode:BACK
2026-04-06 00:59:54, MOVE, v:1, k:fup@jokenpo, mode:DOWN
2026-04-06 00:59:58, MOVE, v:1, k:fup@jokenpo, mode:PICK
2026-04-06 01:01:14, EXEC, v:1, k:fup@jokenpo, mode:FULL, rate:100, size:16
2026-04-06 01:01:41, EXEC, v:1, k:fup@jokenpo, mode:FULL, size:16, fail:COMP
2026-04-06 01:01:47, EXEC, v:1, k:fup@jokenpo, mode:FULL, rate:75, size:16
2026-04-06 01:02:28, EXEC, v:1, k:fup@jokenpo, mode:FULL, rate:75, size:16
2026-04-06 01:02:35, EXEC, v:1, k:fup@jokenpo, mode:FULL, rate:100, size:16
2026-04-06 01:02:36, MOVE, v:1, k:fup@jokenpo, mode:BACK
2026-04-06 01:02:50, MOVE, v:1, k:fup@calc, mode:PICK
2026-04-06 01:03:01, EXEC, v:1, k:fup@calc, mode:FULL, rate:100, size:24
2026-04-06 01:03:12, MOVE, v:1, k:fup@calc, mode:BACK
2026-04-06 01:05:32, SELF, v:1, k:fup@mumia, self:1, rate:100, study:10
2026-04-06 01:06:12, SELF, v:1, k:fup@meio, self:1, rate:100, study:5
2026-04-06 01:06:30, SELF, v:1, k:fup@jokenpo, self:1, rate:100, study:5
2026-04-06 01:06:49, MOVE, v:1, k:fup@tres, mode:PICK
2026-04-06 01:06:51, MOVE, v:1, k:fup@tres, mode:BACK
