2026-06-29 22:32:30, MOVE, v:1, k:fup@mercantil, mode:DOWN
2026-06-29 22:32:31, MOVE, v:1, k:fup@mercantil, mode:PICK
2026-06-29 22:32:30, MOVE, v:1, k:fup@mercantil, mode:EDIT
2026-06-29 22:41:17, MOVE, v:1, k:fup@mercantil, mode:EDIT
2026-06-29 22:44:42, EXEC, v:1, k:fup@mercantil, mode:FULL, rate:12, size:38
2026-06-29 22:45:21, EXEC, v:1, k:fup@mercantil, mode:FULL, rate:50, size:38
2026-06-29 22:46:10, EXEC, v:1, k:fup@mercantil, mode:FULL, rate:100, size:38
2026-06-29 22:46:12, MOVE, v:1, k:fup@mercantil, mode:BACK
2026-06-29 22:46:22, SELF, v:1, k:fup@mercantil, self:1, rate:100, study:23
2026-06-29 22:46:08, MOVE, v:1, k:fup@mercantil, mode:EDIT
2026-06-29 22:46:10, MOVE, v:1, k:fup@mercantil, mode:EDIT
2026-06-29 22:46:41, MOVE, v:1, k:fup@xuxa, mode:PICK
2026-06-29 22:46:46, EXEC, v:1, k:fup@xuxa, mode:FULL, rate:0
2026-06-29 22:46:50, MOVE, v:1, k:fup@xuxa, mode:BACK
2026-06-29 22:46:53, MOVE, v:1, k:fup@substring, mode:PICK
2026-06-29 22:46:54, EXEC, v:1, k:fup@substring, mode:FULL, rate:71
2026-06-29 22:47:33, MOVE, v:1, k:fup@substring, mode:BACK
2026-06-29 22:47:36, MOVE, v:1, k:fup@leds, mode:DOWN
2026-06-29 22:47:37, MOVE, v:1, k:fup@leds, mode:PICK
2026-06-29 22:51:16, EXEC, v:1, k:fup@leds, mode:FULL, rate:100, size:21
2026-06-29 22:51:20, MOVE, v:1, k:fup@leds, mode:BACK
2026-06-29 22:46:42, MOVE, v:1, k:fup@xuxa, mode:EDIT
2026-06-29 22:46:53, MOVE, v:1, k:fup@substring, mode:EDIT
2026-06-29 22:47:36, MOVE, v:1, k:fup@leds, mode:EDIT
2026-06-29 22:51:15, MOVE, v:1, k:fup@leds, mode:EDIT
2026-06-29 22:51:16, MOVE, v:1, k:fup@leds, mode:EDIT
2026-06-29 22:51:38, SELF, v:1, k:fup@leds, self:1, rate:100, study:15
2026-06-29 22:52:11, MOVE, v:1, k:fup@leds, mode:PICK
2026-06-29 22:52:14, EXEC, v:1, k:fup@leds, mode:FULL, rate:0, size:21
2026-06-29 22:52:19, EXEC, v:1, k:fup@leds, mode:FULL, rate:100, size:21
2026-06-29 22:52:21, MOVE, v:1, k:fup@leds, mode:BACK
2026-06-29 22:52:38, MOVE, v:1, k:fup@ru, mode:DOWN
2026-06-29 22:52:44, MOVE, v:1, k:fup@ru, mode:PICK
2026-06-29 22:52:18, MOVE, v:1, k:fup@leds, mode:EDIT
2026-06-29 22:52:19, MOVE, v:1, k:fup@leds, mode:EDIT
2026-06-29 22:52:38, MOVE, v:1, k:fup@ru, mode:EDIT
2026-06-29 23:00:18, EXEC, v:1, k:fup@ru, mode:FULL, rate:0, size:22
2026-06-29 23:00:54, EXEC, v:1, k:fup@ru, mode:FULL, rate:0, size:22
2026-06-29 23:00:56, EXEC, v:1, k:fup@ru, mode:FULL, rate:0
2026-06-29 23:00:53, MOVE, v:1, k:fup@ru, mode:EDIT
2026-06-29 23:00:56, MOVE, v:1, k:fup@ru, mode:EDIT
2026-06-29 23:01:30, EXEC, v:1, k:fup@ru, mode:FULL, rate:0, size:22
2026-06-29 23:02:54, EXEC, v:1, k:fup@ru, mode:FULL, rate:0, size:22
2026-06-29 23:03:17, EXEC, v:1, k:fup@ru, mode:FULL, rate:0
2026-06-29 23:05:28, EXEC, v:1, k:fup@ru, mode:FULL, rate:0, size:22
2026-06-29 23:05:11, MOVE, v:1, k:fup@ru, mode:EDIT
2026-06-29 23:05:28, MOVE, v:1, k:fup@ru, mode:EDIT
2026-06-29 23:09:37, EXEC, v:1, k:fup@ru, mode:FULL, rate:100, size:22
2026-06-29 23:09:39, MOVE, v:1, k:fup@ru, mode:BACK
2026-06-29 23:09:46, SELF, v:1, k:fup@ru, self:1, rate:100, study:25
2026-06-29 23:10:10, MOVE, v:1, k:fup@gritando, mode:DOWN
2026-06-29 23:10:11, MOVE, v:1, k:fup@gritando, mode:PICK
2026-06-29 23:09:33, MOVE, v:1, k:fup@ru, mode:EDIT
2026-06-29 23:09:37, MOVE, v:1, k:fup@ru, mode:EDIT
2026-06-29 23:10:10, MOVE, v:1, k:fup@gritando, mode:EDIT
2026-06-29 23:10:10, MOVE, v:1, k:fup@gritando, mode:EDIT
2026-06-29 23:14:38, EXEC, v:1, k:fup@gritando, mode:FULL, size:18, fail:COMP
2026-06-29 23:16:13, MOVE, v:1, k:fup@gritando, mode:EDIT
2026-06-29 23:17:11, EXEC, v:1, k:fup@gritando, mode:FULL, rate:100, size:30
2026-06-29 23:17:12, MOVE, v:1, k:fup@gritando, mode:BACK
2026-06-29 23:17:20, SELF, v:1, k:fup@gritando, self:1, rate:100, study:15
2026-06-29 23:17:41, MOVE, v:1, k:fup@amora, mode:DOWN
2026-06-29 23:17:42, MOVE, v:1, k:fup@amora, mode:PICK
2026-06-29 23:17:10, MOVE, v:1, k:fup@gritando, mode:EDIT
2026-06-29 23:17:11, MOVE, v:1, k:fup@gritando, mode:EDIT
2026-06-29 23:17:41, MOVE, v:1, k:fup@amora, mode:EDIT
2026-06-29 23:25:59, EXEC, v:1, k:fup@amora, mode:FULL, rate:0, size:19
2026-06-29 23:25:58, MOVE, v:1, k:fup@amora, mode:EDIT
2026-06-29 23:25:59, MOVE, v:1, k:fup@amora, mode:EDIT
2026-06-29 23:27:41, EXEC, v:1, k:fup@amora, mode:FULL, rate:0, size:19
2026-06-29 23:28:28, EXEC, v:1, k:fup@amora, mode:FULL, rate:0, size:19
2026-06-29 23:31:23, MOVE, v:1, k:fup@amora, mode:EDIT
2026-06-29 23:28:28, MOVE, v:1, k:fup@amora, mode:EDIT
2026-06-29 23:32:31, EXEC, v:1, k:fup@amora, mode:FULL, rate:100, size:29
2026-06-29 23:32:32, MOVE, v:1, k:fup@amora, mode:BACK
2026-06-29 23:32:40, SELF, v:1, k:fup@amora, self:1, rate:100, study:24
2026-06-29 23:33:27, MOVE, v:1, k:fup@xuxa, mode:PICK
2026-06-29 23:33:32, EXEC, v:1, k:fup@xuxa, mode:FULL, rate:0
2026-06-29 23:33:33, MOVE, v:1, k:fup@xuxa, mode:BACK
2026-06-29 23:33:36, MOVE, v:1, k:fup@inverte, mode:PICK
2026-06-29 23:33:36, EXEC, v:1, k:fup@inverte, mode:FULL, rate:100
2026-06-29 23:33:38, MOVE, v:1, k:fup@inverte, mode:BACK
2026-06-29 23:33:40, MOVE, v:1, k:fup@substring, mode:PICK
2026-06-29 23:33:41, EXEC, v:1, k:fup@substring, mode:FULL, rate:71
2026-06-29 23:33:45, MOVE, v:1, k:fup@substring, mode:BACK
2026-06-29 23:33:52, MOVE, v:1, k:fup@traficantes, mode:DOWN
2026-06-29 23:33:53, MOVE, v:1, k:fup@traficantes, mode:PICK
2026-06-29 23:34:34, MOVE, v:1, k:fup@traficantes, mode:BACK
2026-06-29 23:34:38, MOVE, v:1, k:fup@traficantes, mode:PICK
2026-06-29 23:32:28, MOVE, v:1, k:fup@amora, mode:EDIT
2026-06-29 23:32:31, MOVE, v:1, k:fup@amora, mode:EDIT
2026-06-29 23:33:28, MOVE, v:1, k:fup@xuxa, mode:EDIT
2026-06-29 23:33:36, MOVE, v:1, k:fup@inverte, mode:EDIT
2026-06-29 23:33:41, MOVE, v:1, k:fup@substring, mode:EDIT
2026-06-29 23:33:52, MOVE, v:1, k:fup@traficantes, mode:EDIT
2026-06-29 23:36:27, MOVE, v:1, k:fup@traficantes, mode:EDIT
2026-06-29 23:40:01, EXEC, v:1, k:fup@traficantes, mode:FULL, rate:0, size:25
2026-06-29 23:41:12, MOVE, v:1, k:fup@traficantes, mode:EDIT
2026-06-29 23:40:01, MOVE, v:1, k:fup@traficantes, mode:EDIT
2026-06-29 23:46:13, EXEC, v:1, k:fup@traficantes, mode:FULL, size:28, fail:COMP
2026-06-29 23:46:00, MOVE, v:1, k:fup@traficantes, mode:EDIT
2026-06-29 23:46:43, EXEC, v:1, k:fup@traficantes, mode:FULL, rate:100, size:32
2026-06-29 23:46:45, EXEC, v:1, k:fup@traficantes, mode:FULL, rate:100
2026-06-29 23:46:48, MOVE, v:1, k:fup@traficantes, mode:BACK
2026-06-29 23:47:03, SELF, v:1, k:fup@traficantes, self:1, rate:100, study:27
2026-06-29 23:47:19, MOVE, v:1, k:fup@fresco, mode:DOWN
2026-06-29 23:47:20, MOVE, v:1, k:fup@fresco, mode:PICK
2026-06-29 23:46:36, MOVE, v:1, k:fup@traficantes, mode:EDIT
2026-06-29 23:46:45, MOVE, v:1, k:fup@traficantes, mode:EDIT
2026-06-29 23:47:19, MOVE, v:1, k:fup@fresco, mode:EDIT
2026-06-29 23:54:23, MOVE, v:1, k:fup@fresco, mode:BACK
2026-06-29 23:54:38, MOVE, v:1, k:fup@fresco, mode:PICK
2026-06-29 23:55:37, MOVE, v:1, k:fup@fresco, mode:PICK
