2026-04-07 16:57:28, MOVE, v:1, k:fup@final, mode:PICK
2026-04-07 16:57:30, EXEC, v:1, k:fup@final, mode:FREE
2026-04-07 16:57:31, MOVE, v:1, k:fup@final, mode:EDIT
2026-04-07 17:01:48, MOVE, v:1, k:fup@final, mode:EDIT
2026-04-07 17:02:04, EXEC, v:1, k:fup@final, mode:FULL, rate:40, size:18
2026-04-07 17:02:44, EXEC, v:1, k:fup@final, mode:FULL, rate:40, size:18
2026-04-07 17:02:52, EXEC, v:1, k:fup@final, mode:FULL, rate:60, size:18
2026-04-07 17:03:49, EXEC, v:1, k:fup@final, mode:FULL, rate:60, size:22
2026-04-07 17:04:08, EXEC, v:1, k:fup@final, mode:FULL, rate:60, size:22
2026-04-07 17:06:25, EXEC, v:1, k:fup@final, mode:FULL, rate:60, size:22
2026-04-07 17:06:32, MOVE, v:1, k:fup@final, mode:EDIT
2026-04-07 17:06:25, MOVE, v:1, k:fup@final, mode:EDIT
2026-04-07 17:07:02, EXEC, v:1, k:fup@final, mode:FULL, rate:60, size:22
2026-04-07 17:07:54, EXEC, v:1, k:fup@final, mode:FULL, rate:60, size:23
2026-04-07 17:10:53, EXEC, v:1, k:fup@final, mode:FULL, rate:100, size:25
2026-04-07 17:11:05, MOVE, v:1, k:fup@final, mode:BACK
2026-04-07 17:11:09, MOVE, v:1, k:fup@semana, mode:PICK
2026-04-07 17:10:46, MOVE, v:1, k:fup@final, mode:EDIT
2026-04-07 17:10:53, MOVE, v:1, k:fup@final, mode:EDIT
2026-04-07 17:11:35, MOVE, v:1, k:fup@semana, mode:EDIT
2026-04-07 17:16:20, MOVE, v:1, k:fup@semana, mode:EDIT
2026-04-07 17:18:43, EXEC, v:1, k:fup@semana, mode:FULL, rate:100, size:22
2026-04-07 17:18:47, MOVE, v:1, k:fup@semana, mode:BACK
2026-04-07 17:18:52, MOVE, v:1, k:fup@varetas, mode:DOWN
2026-04-07 17:18:57, MOVE, v:1, k:fup@varetas, mode:PICK
2026-04-07 17:21:58, EXEC, v:1, k:fup@varetas, mode:FULL, rate:59, size:14
2026-04-07 17:18:41, MOVE, v:1, k:fup@semana, mode:EDIT
2026-04-07 17:18:43, MOVE, v:1, k:fup@semana, mode:EDIT
2026-04-07 17:18:52, MOVE, v:1, k:fup@varetas, mode:EDIT
2026-04-07 17:18:52, MOVE, v:1, k:fup@varetas, mode:EDIT
2026-04-07 17:21:55, MOVE, v:1, k:fup@varetas, mode:EDIT
2026-04-07 17:21:56, MOVE, v:1, k:fup@varetas, mode:EDIT
2026-04-07 17:22:41, EXEC, v:1, k:fup@varetas, mode:FULL, rate:51, size:14
2026-04-07 17:22:43, EXEC, v:1, k:fup@varetas, mode:FULL, rate:51
2026-04-07 17:22:55, MOVE, v:1, k:fup@varetas, mode:BACK
2026-04-07 17:22:56, MOVE, v:1, k:fup@varetas, mode:PICK
2026-04-07 17:22:59, EXEC, v:1, k:fup@varetas, mode:FULL, rate:51
2026-04-07 17:24:45, EXEC, v:1, k:fup@varetas, mode:FULL, rate:51, size:14
2026-04-07 17:24:57, EXEC, v:1, k:fup@varetas, mode:FULL, rate:51, size:14
2026-04-07 17:26:57, MOVE, v:1, k:fup@varetas, mode:EDIT
2026-04-07 17:24:56, MOVE, v:1, k:fup@varetas, mode:EDIT
2026-04-07 17:27:08, EXEC, v:1, k:fup@varetas, mode:FULL, rate:51, size:14
2026-04-07 17:27:11, EXEC, v:1, k:fup@varetas, mode:FULL, rate:51
2026-04-07 17:31:37, MOVE, v:1, k:fup@varetas, mode:EDIT
2026-04-07 17:27:09, MOVE, v:1, k:fup@varetas, mode:EDIT
2026-04-07 17:32:31, EXEC, v:1, k:fup@varetas, mode:FULL, rate:49, size:13
2026-04-07 17:32:47, EXEC, v:1, k:fup@varetas, mode:FULL, rate:100, size:14
2026-04-07 17:33:01, MOVE, v:1, k:fup@varetas, mode:BACK
2026-04-07 17:33:08, MOVE, v:1, k:fup@bhaskara, mode:DOWN
2026-04-07 17:33:09, MOVE, v:1, k:fup@bhaskara, mode:PICK
2026-04-07 17:35:25, EXEC, v:1, k:fup@bhaskara, mode:FULL, rate:0, size:12
2026-04-07 17:36:20, EXEC, v:1, k:fup@bhaskara, mode:FULL, rate:0, size:21
2026-04-07 17:32:43, MOVE, v:1, k:fup@varetas, mode:EDIT
2026-04-07 17:32:45, MOVE, v:1, k:fup@varetas, mode:EDIT
2026-04-07 17:33:08, MOVE, v:1, k:fup@bhaskara, mode:EDIT
2026-04-07 17:33:08, MOVE, v:1, k:fup@bhaskara, mode:EDIT
2026-04-07 17:36:54, MOVE, v:1, k:fup@bhaskara, mode:EDIT
2026-04-07 17:36:20, MOVE, v:1, k:fup@bhaskara, mode:EDIT
2026-04-07 17:37:47, EXEC, v:1, k:fup@bhaskara, mode:FULL, rate:0, size:16
2026-04-07 17:38:08, EXEC, v:1, k:fup@bhaskara, mode:FREE
2026-04-07 17:40:00, EXEC, v:1, k:fup@bhaskara, mode:FULL, rate:0, size:20
2026-04-07 17:40:31, EXEC, v:1, k:fup@bhaskara, mode:FULL, rate:0, size:20
2026-04-07 17:41:34, EXEC, v:1, k:fup@bhaskara, mode:FULL, rate:0, size:20
2026-04-07 17:41:48, EXEC, v:1, k:fup@bhaskara, mode:FULL, size:20, fail:COMP
2026-04-07 17:41:40, MOVE, v:1, k:fup@bhaskara, mode:EDIT
2026-04-07 17:41:34, MOVE, v:1, k:fup@bhaskara, mode:EDIT
2026-04-07 17:42:11, EXEC, v:1, k:fup@bhaskara, mode:FULL, rate:42, size:20
2026-04-07 17:43:00, EXEC, v:1, k:fup@bhaskara, mode:FULL, rate:71, size:20
2026-04-07 17:45:24, EXEC, v:1, k:fup@bhaskara, mode:FULL, rate:71, size:20
2026-04-07 17:46:56, MOVE, v:1, k:fup@bhaskara, mode:EDIT
2026-04-07 17:45:24, MOVE, v:1, k:fup@bhaskara, mode:EDIT
2026-04-07 17:47:44, MOVE, v:1, k:fup@bhaskara, mode:BACK
2026-04-07 17:47:46, MOVE, v:1, k:fup@varetas, mode:PICK
2026-04-07 17:48:19, MOVE, v:1, k:fup@varetas, mode:BACK
2026-04-07 17:48:22, MOVE, v:1, k:fup@bhaskara, mode:PICK
2026-04-07 17:48:25, EXEC, v:1, k:fup@bhaskara, mode:FREE, size:21
2026-04-07 17:49:25, EXEC, v:1, k:fup@bhaskara, mode:FULL, rate:71
2026-04-07 17:51:43, MOVE, v:1, k:fup@bhaskara, mode:EDIT
2026-04-07 17:49:25, MOVE, v:1, k:fup@bhaskara, mode:EDIT
2026-04-07 17:54:34, EXEC, v:1, k:fup@bhaskara, mode:FULL, rate:100, size:22
2026-04-07 17:55:01, MOVE, v:1, k:fup@bhaskara, mode:BACK
2026-04-07 17:55:04, MOVE, v:1, k:fup@cortada, mode:DOWN
2026-04-07 17:55:05, MOVE, v:1, k:fup@cortada, mode:PICK
2026-04-07 17:54:45, MOVE, v:1, k:fup@bhaskara, mode:EDIT
2026-04-07 17:54:34, MOVE, v:1, k:fup@bhaskara, mode:EDIT
2026-04-07 17:55:04, MOVE, v:1, k:fup@cortada, mode:EDIT
2026-04-07 17:55:04, MOVE, v:1, k:fup@cortada, mode:EDIT
2026-04-07 17:56:54, MOVE, v:1, k:fup@cortada, mode:EDIT
2026-04-07 18:01:44, MOVE, v:1, k:fup@cortada, mode:EDIT
2026-04-07 18:03:34, MOVE, v:1, k:fup@cortada, mode:BACK
2026-04-07 18:03:45, MOVE, v:1, k:fup@monica, mode:DOWN
2026-04-07 18:03:46, MOVE, v:1, k:fup@monica, mode:PICK
2026-04-07 18:02:53, MOVE, v:1, k:fup@cortada, mode:EDIT
2026-04-07 18:03:44, MOVE, v:1, k:fup@monica, mode:EDIT
2026-04-07 18:03:44, MOVE, v:1, k:fup@monica, mode:EDIT
2026-04-07 18:06:58, MOVE, v:1, k:fup@monica, mode:EDIT
2026-04-07 18:11:59, MOVE, v:1, k:fup@monica, mode:EDIT
2026-04-07 18:14:50, EXEC, v:1, k:fup@monica, mode:FULL, rate:0, size:10
2026-04-07 18:16:55, MOVE, v:1, k:fup@monica, mode:EDIT
2026-04-07 18:14:49, MOVE, v:1, k:fup@monica, mode:EDIT
2026-04-07 18:17:22, EXEC, v:1, k:fup@monica, mode:FULL, rate:0, size:9
2026-04-07 18:18:16, EXEC, v:1, k:fup@monica, mode:FULL, rate:0, size:9
2026-04-07 18:18:33, EXEC, v:1, k:fup@monica, mode:FULL, rate:0, size:10
2026-04-07 18:18:44, MOVE, v:1, k:fup@monica, mode:BACK
2026-04-07 18:19:06, SELF, v:1, k:fup@final, self:1, rate:100, study:27
2026-04-07 18:19:20, SELF, v:1, k:fup@semana, self:1, rate:100, study:32
2026-04-07 18:19:31, SELF, v:1, k:fup@varetas, self:1, rate:100, study:25
2026-04-07 18:19:38, MOVE, v:1, k:fup@bhaskara, mode:PICK
2026-04-07 18:19:41, MOVE, v:1, k:fup@bhaskara, mode:BACK
2026-04-07 18:19:45, MOVE, v:1, k:fup@bhaskara, mode:PICK
2026-04-07 18:19:50, MOVE, v:1, k:fup@bhaskara, mode:BACK
2026-04-07 18:19:58, SELF, v:1, k:fup@bhaskara, self:1, rate:100, study:15
2026-04-07 18:18:31, MOVE, v:1, k:fup@monica, mode:EDIT
2026-04-07 18:18:32, MOVE, v:1, k:fup@monica, mode:EDIT
