2026-05-07 01:07:35, MOVE, v:1, k:fup@jokenpo15, mode:DOWN
2026-05-07 01:07:36, MOVE, v:1, k:fup@jokenpo15, mode:PICK
2026-05-07 01:11:25, EXEC, v:1, k:fup@jokenpo15, mode:FULL, size:19, fail:COMP
2026-05-07 01:11:33, EXEC, v:1, k:fup@jokenpo15, mode:FULL, size:19, fail:COMP
2026-05-07 01:11:43, EXEC, v:1, k:fup@jokenpo15, mode:FULL, rate:100, size:19
2026-05-07 01:12:10, MOVE, v:1, k:fup@jokenpo15, mode:BACK
2026-05-07 01:07:35, MOVE, v:1, k:fup@jokenpo15, mode:EDIT
2026-05-07 01:07:35, MOVE, v:1, k:fup@jokenpo15, mode:EDIT
2026-05-07 01:11:57, MOVE, v:1, k:fup@jokenpo15, mode:EDIT
2026-05-07 01:11:42, MOVE, v:1, k:fup@jokenpo15, mode:EDIT
2026-05-07 01:12:21, SELF, v:1, k:fup@jokenpo15, self:1, rate:100, study:7
2026-05-07 01:12:28, MOVE, v:1, k:fup@loops, mode:DOWN
2026-05-07 01:12:28, MOVE, v:1, k:fup@loops, mode:PICK
2026-05-07 01:12:28, MOVE, v:1, k:fup@loops, mode:EDIT
2026-05-07 01:12:28, MOVE, v:1, k:fup@loops, mode:EDIT
2026-05-07 01:20:10, EXEC, v:1, k:fup@loops, mode:FULL, rate:100, size:9
2026-05-07 01:21:33, MOVE, v:1, k:fup@loops, mode:BACK
2026-05-07 01:21:44, SELF, v:1, k:fup@loops, self:1, rate:100, study:7
2026-05-07 01:21:47, MOVE, v:1, k:fup@domino, mode:DOWN
2026-05-07 01:21:48, MOVE, v:1, k:fup@domino, mode:PICK
2026-05-07 01:21:50, EXEC, v:1, k:fup@domino, mode:FULL, rate:0, size:5
2026-05-07 01:20:07, MOVE, v:1, k:fup@loops, mode:EDIT
2026-05-07 01:20:09, MOVE, v:1, k:fup@loops, mode:EDIT
2026-05-07 01:21:47, MOVE, v:1, k:fup@domino, mode:EDIT
2026-05-07 01:21:47, MOVE, v:1, k:fup@domino, mode:EDIT
2026-05-07 01:21:50, MOVE, v:1, k:fup@domino, mode:EDIT
2026-05-07 01:25:24, EXEC, v:1, k:fup@domino, mode:FULL, rate:100, size:9
2026-05-07 01:25:26, MOVE, v:1, k:fup@domino, mode:BACK
2026-05-07 01:25:29, MOVE, v:1, k:fup@bundona, mode:PICK
2026-05-07 01:25:46, MOVE, v:1, k:fup@bundona, mode:BACK
2026-05-07 01:25:55, SELF, v:1, k:fup@domino, self:1, rate:100, study:3
2026-05-07 01:26:02, MOVE, v:1, k:fup@bundona, mode:PICK
2026-05-07 01:26:02, EXEC, v:1, k:fup@bundona, mode:FULL, rate:0, size:5
2026-05-07 01:25:21, MOVE, v:1, k:fup@domino, mode:EDIT
2026-05-07 01:25:23, MOVE, v:1, k:fup@domino, mode:EDIT
2026-05-07 01:26:02, MOVE, v:1, k:fup@bundona, mode:EDIT
2026-05-07 01:37:13, MOVE, v:1, k:fup@bundona, mode:EDIT
2026-05-07 01:38:01, EXEC, v:1, k:fup@bundona, mode:FULL, rate:0, size:17
2026-05-07 01:40:02, EXEC, v:1, k:fup@bundona, mode:FULL, rate:0, size:23
2026-05-07 01:40:33, EXEC, v:1, k:fup@bundona, mode:FULL, rate:0, size:23
2026-05-07 01:41:19, EXEC, v:1, k:fup@bundona, mode:FULL, rate:0, size:24
2026-05-07 01:41:40, EXEC, v:1, k:fup@bundona, mode:FULL, rate:85, size:24
2026-05-07 01:41:39, MOVE, v:1, k:fup@bundona, mode:EDIT
2026-05-07 01:41:40, MOVE, v:1, k:fup@bundona, mode:EDIT
2026-05-07 01:42:36, EXEC, v:1, k:fup@bundona, mode:FULL, rate:85
2026-05-07 01:44:29, EXEC, v:1, k:fup@bundona, mode:FULL, rate:85, size:23
2026-05-07 01:44:43, EXEC, v:1, k:fup@bundona, mode:FULL, rate:0, size:23
2026-05-07 01:46:32, EXEC, v:1, k:fup@bundona, mode:FULL, rate:85, size:25
2026-05-07 01:46:32, MOVE, v:1, k:fup@bundona, mode:EDIT
2026-05-07 01:46:49, MOVE, v:1, k:fup@bundona, mode:EDIT
2026-05-07 01:49:13, EXEC, v:1, k:fup@bundona, mode:FULL, rate:0, size:30
2026-05-07 01:52:09, MOVE, v:1, k:fup@bundona, mode:EDIT
2026-05-07 01:49:13, MOVE, v:1, k:fup@bundona, mode:EDIT
2026-05-07 01:52:59, EXEC, v:1, k:fup@bundona, mode:FULL, rate:57, size:25
2026-05-07 01:53:18, MOVE, v:1, k:fup@bundona, mode:PICK
2026-05-07 01:53:23, EXEC, v:1, k:fup@bundona, mode:FULL, rate:57, size:28
2026-05-07 01:53:36, MOVE, v:1, k:fup@bundona, mode:BACK
2026-05-07 01:53:48, MOVE, v:1, k:fup@quiz, mode:DOWN
2026-05-07 01:53:49, MOVE, v:1, k:fup@quiz, mode:PICK
2026-05-07 01:54:45, MOVE, v:1, k:fup@quiz, mode:BACK
2026-05-07 01:54:58, MOVE, v:1, k:fup@segundo, mode:DOWN
2026-05-07 01:54:58, MOVE, v:1, k:fup@segundo, mode:PICK
2026-05-07 01:53:22, MOVE, v:1, k:fup@bundona, mode:EDIT
2026-05-07 01:53:23, MOVE, v:1, k:fup@bundona, mode:EDIT
2026-05-07 01:53:48, MOVE, v:1, k:fup@quiz, mode:EDIT
2026-05-07 01:53:48, MOVE, v:1, k:fup@quiz, mode:EDIT
2026-05-07 01:53:48, MOVE, v:1, k:fup@quiz, mode:EDIT
2026-05-07 01:54:58, MOVE, v:1, k:fup@segundo, mode:EDIT
2026-05-07 01:54:58, MOVE, v:1, k:fup@segundo, mode:EDIT
2026-05-07 01:58:17, MOVE, v:1, k:fup@segundo, mode:EDIT
2026-05-07 02:00:23, EXEC, v:1, k:fup@segundo, mode:FULL, rate:100, size:21
2026-05-07 02:00:25, MOVE, v:1, k:fup@segundo, mode:BACK
2026-05-07 02:00:40, SELF, v:1, k:fup@segundo, self:1, rate:100, study:5
2026-05-07 02:00:53, MOVE, v:1, k:fup@bolada, mode:DOWN
2026-05-07 02:00:55, MOVE, v:1, k:fup@bolada, mode:PICK
2026-05-07 02:00:22, MOVE, v:1, k:fup@segundo, mode:EDIT
2026-05-07 02:00:23, MOVE, v:1, k:fup@segundo, mode:EDIT
2026-05-07 02:00:53, MOVE, v:1, k:fup@bolada, mode:EDIT
2026-05-07 02:00:53, MOVE, v:1, k:fup@bolada, mode:EDIT
2026-05-07 02:02:36, MOVE, v:1, k:fup@bolada, mode:EDIT
2026-05-07 02:07:22, EXEC, v:1, k:fup@bolada, mode:FULL, rate:80, size:24
2026-05-07 02:08:16, MOVE, v:1, k:fup@bolada, mode:EDIT
2026-05-07 02:07:22, MOVE, v:1, k:fup@bolada, mode:EDIT
2026-05-07 02:08:51, EXEC, v:1, k:fup@bolada, mode:FULL, rate:100, size:26
2026-05-07 02:08:52, MOVE, v:1, k:fup@bolada, mode:BACK
2026-05-07 02:09:00, SELF, v:1, k:fup@bolada, self:1, rate:100, study:8
