2026-06-15 00:01:32, EXEC, v:1, k:sandbox@user_007, mode:FULL, size:10, fail:COMP
2026-06-15 00:01:38, EXEC, v:1, k:sandbox@user_007, mode:LOCK, rate:0, size:10
2026-06-15 00:03:02, MOVE, v:1, k:sandbox@user_007, mode:EDIT
2026-06-15 00:01:38, MOVE, v:1, k:sandbox@user_007, mode:EDIT
2026-06-15 00:04:54, EXEC, v:1, k:sandbox@user_007, mode:LOCK, rate:0, size:16
2026-06-15 00:08:02, MOVE, v:1, k:sandbox@user_007, mode:EDIT
2026-06-15 00:04:54, MOVE, v:1, k:sandbox@user_007, mode:EDIT
2026-06-15 00:09:08, EXEC, v:1, k:sandbox@user_007, mode:FULL, size:29, fail:COMP
2026-06-15 00:09:09, EXEC, v:1, k:sandbox@user_007, mode:FULL, fail:COMP
2026-06-15 00:09:35, EXEC, v:1, k:sandbox@user_007, mode:FULL, size:29, fail:COMP
2026-06-15 00:09:36, EXEC, v:1, k:sandbox@user_007, mode:FULL, fail:COMP
2026-06-15 00:10:16, EXEC, v:1, k:sandbox@user_007, mode:LOCK, rate:0, size:31
2026-06-15 00:10:32, EXEC, v:1, k:sandbox@user_007, mode:LOCK, rate:0, size:31
2026-06-15 00:10:46, EXEC, v:1, k:sandbox@user_007, mode:LOCK, rate:0, size:31
2026-06-15 00:11:11, EXEC, v:1, k:sandbox@user_007, mode:LOCK, rate:0, size:31
2026-06-15 00:11:31, EXEC, v:1, k:sandbox@user_007, mode:LOCK, rate:0, size:31
2026-06-15 00:11:37, EXEC, v:1, k:sandbox@user_007, mode:LOCK, rate:0, size:31
2026-06-15 00:12:11, EXEC, v:1, k:sandbox@user_007, mode:LOCK, rate:0, size:31
2026-06-15 00:12:29, EXEC, v:1, k:sandbox@user_007, mode:LOCK, rate:0, size:31
2026-06-15 00:12:38, EXEC, v:1, k:sandbox@user_007, mode:LOCK, rate:0, size:31
2026-06-15 00:12:38, MOVE, v:1, k:sandbox@user_007, mode:EDIT
2026-06-15 00:12:38, MOVE, v:1, k:sandbox@user_007, mode:EDIT
2026-06-15 00:14:07, MOVE, v:1, k:sandbox@user_007, mode:BACK
2026-06-15 00:15:47, MOVE, v:1, k:fup@afogado, mode:PICK
2026-06-15 00:15:49, MOVE, v:1, k:fup@afogado, mode:BACK
2026-06-15 00:15:55, MOVE, v:1, k:fup@afogado, mode:PICK
2026-06-15 00:17:34, EXEC, v:1, k:fup@afogado, mode:FULL, rate:100, size:27
2026-06-15 00:17:39, MOVE, v:1, k:fup@afogado, mode:BACK
2026-06-15 00:17:59, SELF, v:1, k:fup@afogado, self:1, rate:100, study:24
2026-06-15 00:18:04, MOVE, v:1, k:fup@afogado, mode:EDIT
2026-06-15 00:17:34, MOVE, v:1, k:fup@afogado, mode:EDIT
2026-06-15 00:18:10, MOVE, v:1, k:fup@afogado, mode:PICK
2026-06-15 00:18:11, EXEC, v:1, k:fup@afogado, mode:FULL, rate:100
2026-06-15 00:18:11, EXEC, v:1, k:fup@afogado, mode:FULL, rate:100
2026-06-15 00:18:12, EXEC, v:1, k:fup@afogado, mode:FULL, rate:100
2026-06-15 00:18:13, EXEC, v:1, k:fup@afogado, mode:FULL, rate:100
2026-06-15 00:18:13, EXEC, v:1, k:fup@afogado, mode:FULL, rate:100
2026-06-15 00:18:13, MOVE, v:1, k:fup@afogado, mode:BACK
2026-06-15 00:18:26, MOVE, v:1, k:fup@copos, mode:DOWN
2026-06-15 00:18:32, MOVE, v:1, k:fup@copos, mode:PICK
2026-06-15 00:21:22, EXEC, v:1, k:fup@copos, mode:FULL, size:11, fail:COMP
2026-06-15 00:18:08, MOVE, v:1, k:fup@afogado, mode:EDIT
2026-06-15 00:18:13, MOVE, v:1, k:fup@afogado, mode:EDIT
2026-06-15 00:18:26, MOVE, v:1, k:fup@copos, mode:EDIT
2026-06-15 00:18:26, MOVE, v:1, k:fup@copos, mode:EDIT
2026-06-15 00:18:26, MOVE, v:1, k:fup@copos, mode:EDIT
2026-06-15 00:21:29, MOVE, v:1, k:fup@copos, mode:EDIT
2026-06-15 00:27:44, EXEC, v:1, k:fup@copos, mode:FULL, size:21, fail:COMP
2026-06-15 00:28:03, MOVE, v:1, k:fup@copos, mode:EDIT
2026-06-15 00:28:23, EXEC, v:1, k:fup@copos, mode:FULL, size:21, fail:COMP
2026-06-15 00:30:17, EXEC, v:1, k:fup@copos, mode:FULL, rate:100, size:20
2026-06-15 00:30:22, MOVE, v:1, k:fup@copos, mode:BACK
2026-06-15 00:30:29, SELF, v:1, k:fup@copos, self:1, rate:100, study:37
2026-06-15 00:30:38, MOVE, v:1, k:fup@digitos, mode:DOWN
2026-06-15 00:30:45, MOVE, v:1, k:fup@digitos, mode:PICK
2026-06-15 00:30:11, MOVE, v:1, k:fup@copos, mode:EDIT
2026-06-15 00:30:17, MOVE, v:1, k:fup@copos, mode:EDIT
2026-06-15 00:30:38, MOVE, v:1, k:fup@digitos, mode:EDIT
2026-06-15 00:30:38, MOVE, v:1, k:fup@digitos, mode:EDIT
2026-06-15 00:30:38, MOVE, v:1, k:fup@digitos, mode:EDIT
2026-06-15 00:33:01, MOVE, v:1, k:fup@digitos, mode:EDIT
2026-06-15 00:33:13, EXEC, v:1, k:fup@digitos, mode:FULL, rate:33, size:17
2026-06-15 00:33:19, EXEC, v:1, k:fup@digitos, mode:FULL, rate:33
2026-06-15 00:35:29, EXEC, v:1, k:fup@digitos, mode:FULL, rate:100, size:18
2026-06-15 00:35:31, MOVE, v:1, k:fup@digitos, mode:BACK
2026-06-15 00:35:42, SELF, v:1, k:fup@digitos, self:1, rate:100, study:36
2026-06-15 00:36:44, MOVE, v:1, k:fup@batraquios, mode:PICK
2026-06-15 00:36:59, EXEC, v:1, k:fup@batraquios, mode:FULL, rate:0
2026-06-15 00:37:09, EXEC, v:1, k:fup@batraquios, mode:FULL, rate:0, size:17
2026-06-15 00:37:17, EXEC, v:1, k:fup@batraquios, mode:FULL, size:17, fail:COMP
2026-06-15 00:37:24, EXEC, v:1, k:fup@batraquios, mode:FULL, rate:0, size:17
2026-06-15 00:35:27, MOVE, v:1, k:fup@digitos, mode:EDIT
2026-06-15 00:35:29, MOVE, v:1, k:fup@digitos, mode:EDIT
2026-06-15 00:37:24, MOVE, v:1, k:fup@batraquios, mode:EDIT
2026-06-15 00:38:03, MOVE, v:1, k:fup@batraquios, mode:EDIT
2026-06-15 00:41:37, EXEC, v:1, k:fup@batraquios, mode:FULL, rate:100, size:38
2026-06-15 00:41:39, MOVE, v:1, k:fup@batraquios, mode:BACK
2026-06-15 00:41:49, SELF, v:1, k:fup@batraquios, self:1, rate:100, study:23
2026-06-15 17:25:27, MOVE, v:1, k:sandbox@user_008, mode:PICK
2026-06-15 17:25:23, MOVE, v:1, k:sandbox@user_008, mode:EDIT
2026-06-15 17:29:00, MOVE, v:1, k:sandbox@user_008, mode:EDIT
2026-06-15 17:35:33, EXEC, v:1, k:sandbox@user_008, mode:LOCK, rate:0, size:16
2026-06-15 17:38:49, EXEC, v:1, k:sandbox@user_008, mode:LOCK, rate:0, size:16
2026-06-15 17:38:56, EXEC, v:1, k:sandbox@user_008, mode:FREE
2026-06-15 17:39:59, MOVE, v:1, k:fup@fatores_dict, mode:DOWN
2026-06-15 17:42:32, MOVE, v:1, k:fup@xuxa, mode:DOWN
2026-06-15 17:42:32, MOVE, v:1, k:fup@xuxa, mode:PICK
2026-06-15 17:39:59, MOVE, v:1, k:fup@fatores_dict, mode:EDIT
2026-06-15 17:39:59, MOVE, v:1, k:fup@fatores_dict, mode:EDIT
2026-06-15 17:39:59, MOVE, v:1, k:fup@fatores_dict, mode:EDIT
2026-06-15 17:42:32, MOVE, v:1, k:fup@xuxa, mode:EDIT
2026-06-15 17:42:32, MOVE, v:1, k:fup@xuxa, mode:EDIT
2026-06-15 17:42:32, MOVE, v:1, k:fup@xuxa, mode:EDIT
2026-06-15 17:47:43, MOVE, v:1, k:fup@xuxa, mode:BACK
