2026-06-01 16:53:44, MOVE, v:1, k:fup@poco, mode:PICK
2026-06-01 16:58:25, MOVE, v:1, k:fup@poco, mode:BACK
2026-06-01 16:58:27, MOVE, v:1, k:fup@poco, mode:PICK
2026-06-01 16:58:38, EXEC, v:1, k:fup@poco, mode:FULL, rate:50
2026-06-01 16:58:38, MOVE, v:1, k:fup@poco, mode:EDIT
2026-06-01 17:17:03, MOVE, v:1, k:fup@poco, mode:PICK
2026-06-01 17:17:04, EXEC, v:1, k:fup@poco, mode:FULL, rate:50
2026-06-01 17:17:04, MOVE, v:1, k:fup@poco, mode:EDIT
2026-06-01 17:20:46, EXEC, v:1, k:fup@poco, mode:FULL, rate:66, size:31
2026-06-01 17:20:46, MOVE, v:1, k:fup@poco, mode:EDIT
2026-06-01 17:20:45, MOVE, v:1, k:fup@poco, mode:EDIT
2026-06-01 17:21:55, EXEC, v:1, k:fup@poco, mode:FULL, rate:66, size:29
2026-06-01 17:21:51, MOVE, v:1, k:fup@poco, mode:EDIT
2026-06-01 17:21:55, MOVE, v:1, k:fup@poco, mode:EDIT
2026-06-01 17:23:39, EXEC, v:1, k:fup@poco, mode:FULL, rate:0, size:30
2026-06-01 17:23:57, MOVE, v:1, k:fup@poco, mode:PICK
2026-06-01 17:23:58, EXEC, v:1, k:fup@poco, mode:FULL, rate:33, size:29
2026-06-01 17:25:40, EXEC, v:1, k:fup@poco, mode:FULL, rate:66, size:29
2026-06-01 17:25:47, EXEC, v:1, k:fup@poco, mode:FULL, rate:33, size:29
2026-06-01 17:25:54, EXEC, v:1, k:fup@poco, mode:FULL, rate:66, size:29
2026-06-01 17:25:54, MOVE, v:1, k:fup@poco, mode:EDIT
2026-06-01 17:25:54, MOVE, v:1, k:fup@poco, mode:EDIT
2026-06-01 17:25:54, MOVE, v:1, k:fup@poco, mode:EDIT
2026-06-01 17:25:54, MOVE, v:1, k:fup@poco, mode:EDIT
2026-06-01 17:39:53, EXEC, v:1, k:fup@poco, mode:FULL, rate:66, size:29
2026-06-01 17:42:39, MOVE, v:1, k:fup@poco, mode:EDIT
2026-06-01 17:39:52, MOVE, v:1, k:fup@poco, mode:EDIT
2026-06-01 17:43:55, MOVE, v:1, k:fup@poco, mode:EDIT
2026-06-01 17:39:52, MOVE, v:1, k:fup@poco, mode:EDIT
2026-06-01 17:45:33, EXEC, v:1, k:fup@poco, mode:FULL, rate:0, size:38
2026-06-01 17:46:19, EXEC, v:1, k:fup@poco, mode:FREE, size:45
2026-06-01 17:46:32, MOVE, v:1, k:fup@poco, mode:BACK
2026-06-01 17:46:33, MOVE, v:1, k:fup@poco, mode:PICK
2026-06-01 17:46:36, EXEC, v:1, k:fup@poco, mode:FULL, rate:0, size:44
2026-06-01 17:46:52, EXEC, v:1, k:fup@poco, mode:FULL, rate:0, size:38
2026-06-01 17:47:00, EXEC, v:1, k:fup@poco, mode:FULL, rate:0, size:38
2026-06-01 17:47:22, MOVE, v:1, k:fup@poco, mode:EDIT
2026-06-01 17:47:00, MOVE, v:1, k:fup@poco, mode:EDIT
2026-06-01 17:47:46, MOVE, v:1, k:fup@poco, mode:PICK
2026-06-01 17:47:46, EXEC, v:1, k:fup@poco, mode:FULL, rate:66, size:29
2026-06-01 17:47:53, MOVE, v:1, k:fup@poco, mode:BACK
2026-06-01 17:51:21, MOVE, v:1, k:fup@poco, mode:PICK
2026-06-01 17:51:22, EXEC, v:1, k:fup@poco, mode:FULL, rate:66
2026-06-01 17:51:22, MOVE, v:1, k:fup@poco, mode:EDIT
2026-06-01 17:51:22, MOVE, v:1, k:fup@poco, mode:EDIT
2026-06-01 18:00:32, EXEC, v:1, k:fup@poco, mode:FULL, rate:33, size:29
2026-06-01 18:00:44, EXEC, v:1, k:fup@poco, mode:FULL, rate:66, size:29
2026-06-01 18:00:43, MOVE, v:1, k:fup@poco, mode:EDIT
2026-06-01 18:00:44, MOVE, v:1, k:fup@poco, mode:EDIT
2026-06-01 18:00:43, MOVE, v:1, k:fup@poco, mode:EDIT
2026-06-01 18:00:44, MOVE, v:1, k:fup@poco, mode:EDIT
2026-06-01 18:05:37, EXEC, v:1, k:fup@poco, mode:FULL, rate:33, size:31
2026-06-01 18:05:54, EXEC, v:1, k:fup@poco, mode:FULL, rate:66, size:29
2026-06-01 18:07:26, EXEC, v:1, k:fup@poco, mode:FULL, rate:66, size:34
2026-06-01 18:07:25, MOVE, v:1, k:fup@poco, mode:EDIT
2026-06-01 18:07:26, MOVE, v:1, k:fup@poco, mode:EDIT
2026-06-01 18:07:25, MOVE, v:1, k:fup@poco, mode:EDIT
2026-06-01 18:07:26, MOVE, v:1, k:fup@poco, mode:EDIT
2026-06-01 18:09:37, EXEC, v:1, k:fup@poco, mode:FULL, rate:66, size:31
2026-06-01 18:11:30, EXEC, v:1, k:fup@poco, mode:FULL, rate:100, size:35
2026-06-01 18:12:18, MOVE, v:1, k:fup@poco, mode:BACK
2026-06-01 18:11:29, MOVE, v:1, k:fup@poco, mode:EDIT
2026-06-01 18:11:29, MOVE, v:1, k:fup@poco, mode:EDIT
2026-06-01 18:12:41, SELF, v:1, k:fup@poco, self:1, rate:100, study:125
2026-06-01 18:11:29, MOVE, v:1, k:fup@poco, mode:EDIT
2026-06-01 18:11:29, MOVE, v:1, k:fup@poco, mode:EDIT
