2026-05-10 20:57:42, MOVE, v:1, k:fup@bonzinho, mode:DOWN
2026-05-10 20:57:43, MOVE, v:1, k:fup@bonzinho, mode:PICK
2026-05-10 20:57:49, MOVE, v:1, k:fup@bonzinho, mode:BACK
2026-05-10 20:57:50, MOVE, v:1, k:fup@bonzinho, mode:PICK
2026-05-10 20:57:42, MOVE, v:1, k:fup@bonzinho, mode:EDIT
2026-05-10 20:57:42, MOVE, v:1, k:fup@bonzinho, mode:EDIT
2026-05-10 21:01:55, MOVE, v:1, k:fup@bonzinho, mode:EDIT
2026-05-10 21:04:16, EXEC, v:1, k:fup@bonzinho, mode:FULL, size:20, fail:COMP
2026-05-10 21:04:31, EXEC, v:1, k:fup@bonzinho, mode:FULL, size:20, fail:COMP
2026-05-10 21:05:11, EXEC, v:1, k:fup@bonzinho, mode:FULL, rate:62, size:22
2026-05-10 21:05:29, EXEC, v:1, k:fup@bonzinho, mode:FULL, rate:100, size:22
2026-05-10 21:05:32, MOVE, v:1, k:fup@bonzinho, mode:BACK
2026-05-10 21:05:44, SELF, v:1, k:fup@bonzinho, self:1, rate:100, study:19
2026-05-10 21:05:52, MOVE, v:1, k:fup@adedonha, mode:DOWN
2026-05-10 21:05:29, MOVE, v:1, k:fup@bonzinho, mode:EDIT
2026-05-10 21:05:29, MOVE, v:1, k:fup@bonzinho, mode:EDIT
2026-05-10 21:05:52, MOVE, v:1, k:fup@adedonha, mode:EDIT
2026-05-10 21:05:52, MOVE, v:1, k:fup@adedonha, mode:EDIT
2026-05-10 21:05:52, MOVE, v:1, k:fup@adedonha, mode:EDIT
2026-05-10 21:10:15, MOVE, v:1, k:fup@adedonha, mode:PICK
2026-05-10 21:16:12, EXEC, v:1, k:fup@adedonha, mode:FULL, size:16, fail:COMP
2026-05-10 21:16:12, EXEC, v:1, k:fup@adedonha, mode:FULL, size:16, fail:COMP
2026-05-10 21:16:56, MOVE, v:1, k:fup@adedonha, mode:EDIT
2026-05-10 21:17:05, EXEC, v:1, k:fup@adedonha, mode:FULL, rate:100, size:16
2026-05-10 21:17:08, MOVE, v:1, k:fup@adedonha, mode:BACK
2026-05-10 21:17:17, SELF, v:1, k:fup@adedonha, self:1, rate:100, study:17
2026-05-10 21:17:22, MOVE, v:1, k:fup@sono, mode:DOWN
2026-05-10 21:17:36, MOVE, v:1, k:fup@sono, mode:PICK
2026-05-10 21:20:34, MOVE, v:1, k:fup@sono, mode:BACK
2026-05-10 21:20:38, MOVE, v:1, k:fup@sono, mode:PICK
2026-05-10 21:17:05, MOVE, v:1, k:fup@adedonha, mode:EDIT
2026-05-10 21:17:22, MOVE, v:1, k:fup@sono, mode:EDIT
2026-05-10 21:17:22, MOVE, v:1, k:fup@sono, mode:EDIT
2026-05-10 21:17:22, MOVE, v:1, k:fup@sono, mode:EDIT
2026-05-10 21:26:36, MOVE, v:1, k:fup@sono, mode:EDIT
2026-05-10 21:30:42, MOVE, v:1, k:fup@sono, mode:BACK
2026-05-10 21:30:46, MOVE, v:1, k:fup@sono, mode:PICK
2026-05-10 21:30:47, EXEC, v:1, k:fup@sono, mode:FULL, size:11, fail:COMP
2026-05-10 21:30:48, MOVE, v:1, k:fup@sono, mode:BACK
2026-05-10 21:30:50, MOVE, v:1, k:fup@sono, mode:PICK
2026-05-10 21:30:34, MOVE, v:1, k:fup@sono, mode:EDIT
2026-05-10 21:52:34, EXEC, v:1, k:fup@sono, mode:FULL, fail:COMP
2026-05-10 21:52:36, MOVE, v:1, k:fup@sono, mode:BACK
2026-05-10 21:52:49, MOVE, v:1, k:fup@bonzinho, mode:PICK
2026-05-10 21:59:30, EXEC, v:1, k:fup@bonzinho, mode:FULL, rate:100
2026-05-10 21:59:32, MOVE, v:1, k:fup@bonzinho, mode:BACK
2026-05-10 21:59:40, MOVE, v:1, k:fup@bonzinho, mode:PICK
2026-05-10 21:59:30, MOVE, v:1, k:fup@bonzinho, mode:EDIT
2026-05-10 22:05:26, EXEC, v:1, k:fup@bonzinho, mode:FULL, rate:100
2026-05-10 22:05:27, MOVE, v:1, k:fup@bonzinho, mode:BACK
2026-05-10 22:05:39, MOVE, v:1, k:fup@bonzinho, mode:PICK
2026-05-10 22:05:26, MOVE, v:1, k:fup@bonzinho, mode:EDIT
2026-05-10 22:07:59, EXEC, v:1, k:fup@bonzinho, mode:FULL, rate:100
2026-05-10 22:07:59, MOVE, v:1, k:fup@bonzinho, mode:BACK
2026-05-10 22:08:01, MOVE, v:1, k:fup@bonzinho, mode:PICK
2026-05-10 22:07:59, MOVE, v:1, k:fup@bonzinho, mode:EDIT
2026-05-10 22:36:07, EXEC, v:1, k:fup@bonzinho, mode:FULL, rate:100
2026-05-10 22:36:07, EXEC, v:1, k:fup@bonzinho, mode:FULL, rate:100
2026-05-10 22:36:08, EXEC, v:1, k:fup@bonzinho, mode:FULL, rate:100
2026-05-10 22:36:14, MOVE, v:1, k:fup@bonzinho, mode:BACK
2026-05-10 22:36:26, SELF, v:1, k:fup@bonzinho, self:1, rate:100, study:51
2026-05-10 22:36:43, MOVE, v:1, k:fup@sono, mode:PICK
2026-05-10 22:36:43, EXEC, v:1, k:fup@sono, mode:FULL, fail:COMP
2026-05-10 22:36:51, MOVE, v:1, k:fup@sono, mode:BACK
2026-05-10 22:36:08, MOVE, v:1, k:fup@bonzinho, mode:EDIT
2026-05-10 22:37:01, MOVE, v:1, k:fup@sono, mode:PICK
2026-05-10 22:40:46, EXEC, v:1, k:fup@sono, mode:FULL, size:23, fail:COMP
2026-05-10 22:40:48, EXEC, v:1, k:fup@sono, mode:FULL, fail:COMP
2026-05-10 22:40:48, EXEC, v:1, k:fup@sono, mode:FULL, fail:COMP
2026-05-10 22:40:49, EXEC, v:1, k:fup@sono, mode:FULL, fail:COMP
2026-05-10 22:40:49, EXEC, v:1, k:fup@sono, mode:FULL, fail:COMP
2026-05-10 22:40:49, EXEC, v:1, k:fup@sono, mode:FULL, fail:COMP
2026-05-10 22:40:49, EXEC, v:1, k:fup@sono, mode:FULL, fail:COMP
2026-05-10 22:40:49, EXEC, v:1, k:fup@sono, mode:FULL, fail:COMP
2026-05-10 22:40:49, EXEC, v:1, k:fup@sono, mode:FULL, fail:COMP
2026-05-10 22:41:19, EXEC, v:1, k:fup@sono, mode:FULL, rate:0, size:21
2026-05-10 22:41:44, MOVE, v:1, k:fup@sono, mode:EDIT
2026-05-10 22:41:19, MOVE, v:1, k:fup@sono, mode:EDIT
2026-05-10 22:44:37, EXEC, v:1, k:fup@sono, mode:FULL, rate:100, size:24
2026-05-10 22:44:38, MOVE, v:1, k:fup@sono, mode:BACK
2026-05-10 22:44:46, SELF, v:1, k:fup@sono, self:1, rate:100, study:46
2026-05-10 22:44:55, MOVE, v:1, k:fup@bundona, mode:PICK
2026-05-10 22:45:02, EXEC, v:1, k:fup@bundona, mode:FULL, rate:0
2026-05-10 22:46:00, EXEC, v:1, k:fup@bundona, mode:FULL, rate:85, size:30
2026-05-10 22:44:35, MOVE, v:1, k:fup@sono, mode:EDIT
2026-05-10 22:44:36, MOVE, v:1, k:fup@sono, mode:EDIT
2026-05-10 22:46:00, MOVE, v:1, k:fup@bundona, mode:EDIT
2026-05-10 22:46:54, MOVE, v:1, k:fup@bundona, mode:EDIT
2026-05-10 22:49:37, EXEC, v:1, k:fup@bundona, mode:FULL, rate:42, size:28
2026-05-10 22:49:46, EXEC, v:1, k:fup@bundona, mode:FULL, rate:85, size:28
2026-05-10 22:50:44, EXEC, v:1, k:fup@bundona, mode:FULL, rate:85, size:27
2026-05-10 22:50:43, MOVE, v:1, k:fup@bundona, mode:EDIT
2026-05-10 22:50:43, MOVE, v:1, k:fup@bundona, mode:EDIT
2026-05-10 22:55:50, EXEC, v:1, k:fup@bundona, mode:FULL, rate:0, size:27
2026-05-10 22:56:06, EXEC, v:1, k:fup@bundona, mode:FULL, rate:0, size:27
2026-05-10 22:56:19, EXEC, v:1, k:fup@bundona, mode:FULL, rate:85, size:27
2026-05-10 22:56:17, MOVE, v:1, k:fup@bundona, mode:EDIT
2026-05-10 22:56:18, MOVE, v:1, k:fup@bundona, mode:EDIT
2026-05-10 22:57:53, EXEC, v:1, k:fup@bundona, mode:FULL, rate:100, size:30
2026-05-10 22:58:35, MOVE, v:1, k:fup@bundona, mode:BACK
2026-05-10 22:58:48, SELF, v:1, k:fup@bundona, self:1, rate:100, study:53
2026-05-10 22:59:09, MOVE, v:1, k:fup@maior, mode:PICK
2026-05-10 22:59:12, EXEC, v:1, k:fup@maior, mode:FULL, rate:100
2026-05-10 22:59:37, EXEC, v:1, k:fup@maior, mode:FULL, rate:100, size:24
2026-05-10 22:59:38, EXEC, v:1, k:fup@maior, mode:FULL, rate:100
2026-05-10 22:59:48, EXEC, v:1, k:fup@maior, mode:FULL, rate:80, size:24
2026-05-10 22:59:49, EXEC, v:1, k:fup@maior, mode:FULL, rate:80
2026-05-10 22:59:50, EXEC, v:1, k:fup@maior, mode:FULL, rate:80
2026-05-10 22:59:50, EXEC, v:1, k:fup@maior, mode:FULL, rate:80
2026-05-10 22:59:51, EXEC, v:1, k:fup@maior, mode:FULL, rate:80
2026-05-10 22:59:56, EXEC, v:1, k:fup@maior, mode:FULL, rate:100, size:24
2026-05-10 22:59:57, EXEC, v:1, k:fup@maior, mode:FULL, rate:100
2026-05-10 22:59:57, MOVE, v:1, k:fup@maior, mode:BACK
2026-05-10 23:00:32, MOVE, v:1, k:fup@max, mode:PICK
2026-05-10 23:00:33, EXEC, v:1, k:fup@max, mode:FULL, rate:100
2026-05-10 23:00:45, MOVE, v:1, k:fup@max, mode:BACK
2026-05-10 23:00:53, MOVE, v:1, k:fup@meio, mode:PICK
2026-05-10 23:01:40, MOVE, v:1, k:fup@meio, mode:BACK
2026-05-10 23:01:50, MOVE, v:1, k:fup@americano, mode:PICK
2026-05-10 22:57:48, MOVE, v:1, k:fup@bundona, mode:EDIT
2026-05-10 22:57:53, MOVE, v:1, k:fup@bundona, mode:EDIT
2026-05-10 22:59:57, MOVE, v:1, k:fup@maior, mode:EDIT
2026-05-10 22:59:55, MOVE, v:1, k:fup@maior, mode:EDIT
2026-05-10 23:00:33, MOVE, v:1, k:fup@max, mode:EDIT
2026-05-10 23:02:27, MOVE, v:1, k:fup@americano, mode:BACK
2026-05-10 23:02:59, MOVE, v:1, k:fup@sono, mode:PICK
2026-05-10 23:03:13, EXEC, v:1, k:fup@sono, mode:FULL, rate:100
2026-05-10 23:03:13, MOVE, v:1, k:fup@sono, mode:EDIT
2026-05-10 23:11:29, EXEC, v:1, k:fup@sono, mode:FULL, rate:100
2026-05-10 23:11:31, MOVE, v:1, k:fup@sono, mode:BACK
2026-05-10 23:11:43, SELF, v:1, k:fup@sono, self:1, rate:100, study:55
2026-05-10 23:11:29, MOVE, v:1, k:fup@sono, mode:EDIT
