2026-05-04 17:41:17, MOVE, v:1, k:fup@mumia, mode:PICK
2026-05-04 17:41:19, EXEC, v:1, k:fup@mumia, mode:FULL, rate:100
2026-05-04 17:41:21, EXEC, v:1, k:fup@mumia, mode:FULL, rate:100
2026-05-04 17:42:50, EXEC, v:1, k:fup@mumia, mode:FULL, rate:100, size:22
2026-05-04 17:43:47, MOVE, v:1, k:fup@chaves, mode:PICK
2026-05-04 17:43:47, EXEC, v:1, k:fup@chaves, mode:FULL, rate:100
2026-05-04 17:43:48, MOVE, v:1, k:fup@chaves, mode:BACK
2026-05-04 17:43:52, MOVE, v:1, k:fup@taxi, mode:PICK
2026-05-04 17:43:53, EXEC, v:1, k:fup@taxi, mode:FULL, rate:100
2026-05-04 17:43:54, MOVE, v:1, k:fup@taxi, mode:BACK
2026-05-04 17:43:57, MOVE, v:1, k:fup@xadrez, mode:PICK
2026-05-04 17:43:57, MOVE, v:1, k:fup@xadrez, mode:BACK
2026-05-04 17:43:58, MOVE, v:1, k:fup@divisiveis, mode:PICK
2026-05-04 17:43:59, EXEC, v:1, k:fup@divisiveis, mode:FULL, rate:100
2026-05-04 17:44:00, MOVE, v:1, k:fup@divisiveis, mode:BACK
2026-05-04 17:44:01, MOVE, v:1, k:fup@americano, mode:PICK
2026-05-04 17:44:02, EXEC, v:1, k:fup@americano, mode:FULL, rate:0, size:11
2026-05-04 17:44:03, MOVE, v:1, k:fup@americano, mode:BACK
2026-05-04 17:44:50, MOVE, v:1, k:fup@omeletao, mode:DOWN
2026-05-04 17:44:50, MOVE, v:1, k:fup@omeletao, mode:PICK
2026-05-04 17:43:47, MOVE, v:1, k:fup@chaves, mode:EDIT
2026-05-04 17:43:53, MOVE, v:1, k:fup@taxi, mode:EDIT
2026-05-04 17:43:59, MOVE, v:1, k:fup@divisiveis, mode:EDIT
2026-05-04 17:44:02, MOVE, v:1, k:fup@americano, mode:EDIT
2026-05-04 17:44:50, MOVE, v:1, k:fup@omeletao, mode:EDIT
2026-05-04 17:44:50, MOVE, v:1, k:fup@omeletao, mode:EDIT
2026-05-04 17:48:08, MOVE, v:1, k:fup@omeletao, mode:EDIT
2026-05-04 17:49:12, EXEC, v:1, k:fup@omeletao, mode:FULL, rate:83, size:16
2026-05-04 17:50:29, EXEC, v:1, k:fup@omeletao, mode:FULL, rate:66, size:16
2026-05-04 17:50:45, EXEC, v:1, k:fup@omeletao, mode:FULL, rate:83, size:16
2026-05-04 17:51:48, EXEC, v:1, k:fup@omeletao, mode:FULL, rate:66, size:16
2026-05-04 17:52:13, EXEC, v:1, k:fup@omeletao, mode:FULL, rate:66, size:18
2026-05-04 17:52:58, EXEC, v:1, k:fup@omeletao, mode:FULL, rate:83, size:17
2026-05-04 17:52:56, MOVE, v:1, k:fup@omeletao, mode:EDIT
2026-05-04 17:52:57, MOVE, v:1, k:fup@omeletao, mode:EDIT
2026-05-04 17:55:54, EXEC, v:1, k:fup@omeletao, mode:FULL, rate:100, size:18
2026-05-04 17:55:53, MOVE, v:1, k:fup@omeletao, mode:EDIT
2026-05-04 17:55:54, MOVE, v:1, k:fup@omeletao, mode:EDIT
2026-05-04 17:58:43, MOVE, v:1, k:fup@omeletao, mode:BACK
