2026-06-25 13:03:17, MOVE, v:1, k:fup@baruel, mode:PICK
2026-06-25 13:03:21, EXEC, v:1, k:fup@baruel, mode:FULL, rate:50
2026-06-25 13:04:07, MOVE, v:1, k:fup@baruel, mode:BACK
2026-06-25 13:04:57, MOVE, v:1, k:fup@baruel, mode:PICK
2026-06-25 13:06:31, EXEC, v:1, k:fup@baruel, mode:FULL, rate:50, size:47
2026-06-25 13:06:34, EXEC, v:1, k:fup@baruel, mode:FULL, rate:50
2026-06-25 13:08:35, EXEC, v:1, k:fup@baruel, mode:FULL, rate:0, size:46
2026-06-25 13:08:51, EXEC, v:1, k:fup@baruel, mode:FULL, rate:100, size:45
2026-06-25 13:08:54, MOVE, v:1, k:fup@baruel, mode:BACK
2026-06-25 13:09:14, SELF, v:1, k:fup@baruel, self:1, rate:100, study:93
2026-06-25 13:09:20, MOVE, v:1, k:fup@invertendo, mode:DOWN
2026-06-25 13:09:22, MOVE, v:1, k:fup@invertendo, mode:PICK
2026-06-25 13:09:34, MOVE, v:1, k:fup@invertendo, mode:BACK
2026-06-25 13:14:06, MOVE, v:1, k:fup@invertendo, mode:PICK
2026-06-25 13:14:07, EXEC, v:1, k:fup@invertendo, mode:FULL, rate:0, size:25
2026-06-25 13:14:17, EXEC, v:1, k:fup@invertendo, mode:FULL, rate:0
2026-06-25 13:14:31, MOVE, v:1, k:fup@invertendo, mode:EDIT
2026-06-25 13:14:17, MOVE, v:1, k:fup@invertendo, mode:EDIT
2026-06-25 13:15:42, EXEC, v:1, k:fup@invertendo, mode:FULL, rate:100, size:23
2026-06-25 13:15:46, MOVE, v:1, k:fup@invertendo, mode:BACK
2026-06-25 13:16:03, SELF, v:1, k:fup@invertendo, self:1, rate:100, study:25
2026-06-25 13:16:07, MOVE, v:1, k:fup@fila, mode:DOWN
2026-06-25 13:16:07, MOVE, v:1, k:fup@fila, mode:PICK
2026-06-25 13:15:40, MOVE, v:1, k:fup@invertendo, mode:EDIT
2026-06-25 13:15:42, MOVE, v:1, k:fup@invertendo, mode:EDIT
2026-06-25 13:16:07, MOVE, v:1, k:fup@fila, mode:EDIT
2026-06-25 13:19:44, MOVE, v:1, k:fup@fila, mode:EDIT
2026-06-25 13:24:17, EXEC, v:1, k:fup@fila, mode:FULL, size:29, fail:COMP
2026-06-25 13:24:40, EXEC, v:1, k:fup@fila, mode:FULL, rate:10, size:30
2026-06-25 13:24:38, MOVE, v:1, k:fup@fila, mode:EDIT
2026-06-25 13:24:40, MOVE, v:1, k:fup@fila, mode:EDIT
2026-06-25 13:25:23, EXEC, v:1, k:fup@fila, mode:FULL, rate:20, size:30
2026-06-25 13:25:48, EXEC, v:1, k:fup@fila, mode:FULL, rate:100, size:30
2026-06-25 13:25:50, MOVE, v:1, k:fup@fila, mode:BACK
2026-06-25 13:25:57, SELF, v:1, k:fup@fila, self:1, rate:100, study:15
2026-06-25 13:27:32, MOVE, v:1, k:fup@casais, mode:DOWN
2026-06-25 13:27:33, MOVE, v:1, k:fup@casais, mode:PICK
2026-06-25 13:25:47, MOVE, v:1, k:fup@fila, mode:EDIT
2026-06-25 13:25:47, MOVE, v:1, k:fup@fila, mode:EDIT
2026-06-25 13:27:32, MOVE, v:1, k:fup@casais, mode:EDIT
2026-06-25 13:29:44, MOVE, v:1, k:fup@casais, mode:EDIT
2026-06-25 13:32:52, EXEC, v:1, k:fup@casais, mode:FULL, size:23, fail:COMP
2026-06-25 13:32:52, EXEC, v:1, k:fup@casais, mode:FULL, size:23, fail:COMP
2026-06-25 13:33:05, EXEC, v:1, k:fup@casais, mode:FULL, rate:50, size:23
2026-06-25 13:34:27, MOVE, v:1, k:fup@casais, mode:EDIT
2026-06-25 13:33:05, MOVE, v:1, k:fup@casais, mode:EDIT
2026-06-25 13:38:59, EXEC, v:1, k:fup@casais, mode:FULL, size:31, fail:COMP
2026-06-25 13:39:08, EXEC, v:1, k:fup@casais, mode:FULL, size:31, fail:COMP
2026-06-25 13:39:17, EXEC, v:1, k:fup@casais, mode:FULL, rate:100
2026-06-25 13:39:19, MOVE, v:1, k:fup@casais, mode:BACK
2026-06-25 13:39:27, SELF, v:1, k:fup@casais, self:1, rate:100, study:16
2026-06-25 13:39:44, MOVE, v:1, k:fup@xuxa, mode:PICK
2026-06-25 13:39:45, EXEC, v:1, k:fup@xuxa, mode:FULL, rate:0, size:5
2026-06-25 13:39:08, MOVE, v:1, k:fup@casais, mode:EDIT
2026-06-25 13:39:17, MOVE, v:1, k:fup@casais, mode:EDIT
2026-06-25 13:39:45, MOVE, v:1, k:fup@xuxa, mode:EDIT
2026-06-25 13:39:56, MOVE, v:1, k:fup@xuxa, mode:BACK
2026-06-25 13:40:36, MOVE, v:1, k:fup@intervalada, mode:DOWN
2026-06-25 13:40:37, MOVE, v:1, k:fup@intervalada, mode:PICK
2026-06-25 13:40:36, MOVE, v:1, k:fup@intervalada, mode:EDIT
2026-06-25 13:44:43, MOVE, v:1, k:fup@intervalada, mode:EDIT
2026-06-25 13:45:28, EXEC, v:1, k:fup@intervalada, mode:FULL, rate:33, size:20
2026-06-25 13:45:50, EXEC, v:1, k:fup@intervalada, mode:FULL, rate:100, size:20
2026-06-25 13:45:52, MOVE, v:1, k:fup@intervalada, mode:BACK
2026-06-25 13:45:58, SELF, v:1, k:fup@intervalada, self:1, rate:100, study:7
2026-06-25 13:48:38, MOVE, v:1, k:fup@trilhas, mode:DOWN
2026-06-25 13:48:41, MOVE, v:1, k:fup@trilhas, mode:PICK
2026-06-25 13:45:46, MOVE, v:1, k:fup@intervalada, mode:EDIT
2026-06-25 13:45:50, MOVE, v:1, k:fup@intervalada, mode:EDIT
2026-06-25 13:48:38, MOVE, v:1, k:fup@trilhas, mode:EDIT
2026-06-25 13:49:45, MOVE, v:1, k:fup@trilhas, mode:EDIT
