2026-03-16 16:53:45, MOVE, v:1, k:fup@resto, mode:PICK
2026-03-16 16:53:51, EXEC, v:1, k:fup@resto, mode:FREE, size:8
2026-03-16 17:01:18, EXEC, v:1, k:fup@resto, mode:FULL, rate:0, size:8
2026-03-16 17:01:52, EXEC, v:1, k:fup@resto, mode:FULL, rate:0, size:8
2026-03-16 17:02:12, MOVE, v:1, k:fup@resto, mode:BACK
2026-03-16 17:02:22, MOVE, v:1, k:sandbox@user_003, mode:PICK
2026-03-16 17:02:24, MOVE, v:1, k:sandbox@user_003, mode:BACK
2026-03-16 17:02:27, MOVE, v:1, k:fup@tres, mode:PICK
2026-03-16 17:02:29, EXEC, v:1, k:fup@tres, mode:FULL, rate:100
2026-03-16 17:04:43, MOVE, v:1, k:fup@tres, mode:BACK
2026-03-16 17:04:48, MOVE, v:1, k:fup@resto, mode:PICK
2026-03-16 17:04:50, EXEC, v:1, k:fup@resto, mode:FULL, rate:0, size:8
2026-03-16 17:07:53, EXEC, v:1, k:fup@resto, mode:FULL, rate:100, size:8
2026-03-16 17:08:19, MOVE, v:1, k:fup@resto, mode:BACK
2026-03-16 17:08:22, MOVE, v:1, k:fup@media, mode:PICK
2026-03-16 17:08:24, EXEC, v:1, k:fup@media, mode:FULL, fail:COMP
2026-03-16 17:08:30, EXEC, v:1, k:fup@media, mode:FULL, fail:COMP
2026-03-16 17:09:34, EXEC, v:1, k:fup@media, mode:FULL, rate:60, size:7
2026-03-16 17:11:46, EXEC, v:1, k:fup@media, mode:FULL, size:7, fail:COMP
2026-03-16 17:12:54, EXEC, v:1, k:fup@media, mode:FULL, size:7, fail:COMP
2026-03-16 17:15:59, EXEC, v:1, k:fup@media, mode:FULL, rate:0, size:10
2026-03-16 17:16:07, EXEC, v:1, k:fup@media, mode:FULL, size:10, fail:COMP
2026-03-16 17:16:42, EXEC, v:1, k:fup@media, mode:FULL, rate:60, size:9
2026-03-16 17:18:08, EXEC, v:1, k:fup@media, mode:FULL, rate:0, size:9
2026-03-16 17:18:16, EXEC, v:1, k:fup@media, mode:FULL, rate:100, size:9
2026-03-16 17:18:34, MOVE, v:1, k:fup@media, mode:BACK
2026-03-16 17:18:39, MOVE, v:1, k:fup@sobrou, mode:DOWN
2026-03-16 17:18:41, MOVE, v:1, k:fup@sobrou, mode:PICK
2026-03-16 17:20:48, MOVE, v:1, k:fup@sobrou, mode:BACK
2026-03-16 17:20:52, MOVE, v:1, k:fup@tres, mode:PICK
2026-03-16 17:20:55, EXEC, v:1, k:fup@tres, mode:FULL, rate:100
2026-03-16 17:21:31, MOVE, v:1, k:fup@tres, mode:BACK
2026-03-16 17:21:37, MOVE, v:1, k:fup@sobrou, mode:PICK
2026-03-16 17:22:31, MOVE, v:1, k:fup@sobrou, mode:BACK
2026-03-16 17:22:33, MOVE, v:1, k:fup@media, mode:PICK
2026-03-16 17:23:40, EXEC, v:1, k:fup@media, mode:FULL, rate:100
2026-03-16 17:23:43, MOVE, v:1, k:fup@media, mode:BACK
2026-03-16 17:23:45, MOVE, v:1, k:fup@sobrou, mode:PICK
2026-03-16 17:23:47, EXEC, v:1, k:fup@sobrou, mode:FULL, size:7, fail:COMP
2026-03-16 17:23:52, EXEC, v:1, k:fup@sobrou, mode:FREE
2026-03-16 17:34:08, EXEC, v:1, k:fup@sobrou, mode:FULL, rate:0, size:9
2026-03-16 17:34:55, EXEC, v:1, k:fup@sobrou, mode:FULL, rate:0, size:9
2026-03-16 17:37:16, EXEC, v:1, k:fup@sobrou, mode:FULL, rate:0, size:9
2026-03-16 17:39:04, EXEC, v:1, k:fup@sobrou, mode:FULL, rate:42, size:9
2026-03-16 17:39:49, EXEC, v:1, k:fup@sobrou, mode:FULL, rate:28, size:9
2026-03-16 17:40:28, EXEC, v:1, k:fup@sobrou, mode:FULL, size:9, fail:COMP
2026-03-16 17:40:37, EXEC, v:1, k:fup@sobrou, mode:FULL, rate:0, size:9
2026-03-16 17:40:45, EXEC, v:1, k:fup@sobrou, mode:FULL, rate:0
2026-03-16 17:40:58, MOVE, v:1, k:fup@sobrou, mode:BACK
2026-03-16 17:41:01, MOVE, v:1, k:fup@media, mode:PICK
2026-03-16 17:41:14, EXEC, v:1, k:fup@media, mode:FULL, rate:100
2026-03-16 17:41:28, MOVE, v:1, k:fup@media, mode:BACK
2026-03-16 17:41:30, MOVE, v:1, k:fup@sobrou, mode:PICK
2026-03-16 17:41:32, EXEC, v:1, k:fup@sobrou, mode:FULL, rate:0, size:9
2026-03-16 17:41:49, EXEC, v:1, k:fup@sobrou, mode:FULL, rate:100, size:9
2026-03-16 17:43:05, MOVE, v:1, k:fup@sobrou, mode:BACK
2026-03-16 17:43:19, MOVE, v:1, k:fup@segundos, mode:DOWN
2026-03-16 17:43:20, MOVE, v:1, k:fup@segundos, mode:PICK
2026-03-16 17:43:28, EXEC, v:1, k:fup@segundos, mode:FULL, rate:0, size:5
2026-03-16 17:46:17, EXEC, v:1, k:fup@segundos, mode:FULL, rate:0, size:9
2026-03-16 17:46:53, EXEC, v:1, k:fup@segundos, mode:FULL, size:9, fail:COMP
2026-03-16 17:48:51, EXEC, v:1, k:fup@segundos, mode:FULL, rate:0, size:9
2026-03-16 17:49:28, EXEC, v:1, k:fup@segundos, mode:FULL, rate:0
2026-03-16 17:49:33, EXEC, v:1, k:fup@segundos, mode:FULL, rate:0, size:9
2026-03-16 17:49:45, EXEC, v:1, k:fup@segundos, mode:FULL, rate:0, size:9
2026-03-16 17:54:01, EXEC, v:1, k:fup@segundos, mode:FULL, rate:0, size:9
2026-03-16 17:55:42, EXEC, v:1, k:fup@segundos, mode:FULL, rate:0, size:9
2026-03-16 17:56:00, EXEC, v:1, k:fup@segundos, mode:FULL, rate:0, size:9
2026-03-16 17:58:00, EXEC, v:1, k:fup@segundos, mode:FULL, size:10, fail:COMP
2026-03-16 17:59:17, EXEC, v:1, k:fup@segundos, mode:FULL, size:10, fail:COMP
2026-03-16 18:04:09, MOVE, v:1, k:fup@segundos, mode:BACK
2026-03-16 18:07:12, SELF, v:1, k:fup@tres, self:1, rate:100, study:13
2026-03-16 18:07:56, SELF, v:1, k:fup@resto, self:1, rate:100, study:15
2026-03-16 18:08:15, SELF, v:1, k:fup@media, self:1, rate:100, study:17
2026-03-16 18:08:30, SELF, v:1, k:fup@sobrou, self:1, rate:100, study:14
