2026-05-12 00:32:15, MOVE, v:1, k:fup@poco, mode:PICK
2026-05-12 00:36:39, EXEC, v:1, k:fup@poco, mode:FULL, rate:16, size:38
2026-05-12 00:36:40, EXEC, v:1, k:fup@poco, mode:FULL, rate:16
2026-05-12 00:36:33, MOVE, v:1, k:fup@poco, mode:EDIT
2026-05-12 00:36:40, MOVE, v:1, k:fup@poco, mode:EDIT
2026-05-12 00:38:31, EXEC, v:1, k:fup@poco, mode:FULL, rate:16, size:31
2026-05-12 00:40:10, EXEC, v:1, k:fup@poco, mode:FULL, rate:0, size:29
2026-05-12 00:41:15, EXEC, v:1, k:fup@poco, mode:FULL, rate:16, size:30
2026-05-12 00:41:40, EXEC, v:1, k:fup@poco, mode:FULL, rate:16
2026-05-12 00:41:11, MOVE, v:1, k:fup@poco, mode:EDIT
2026-05-12 00:41:40, MOVE, v:1, k:fup@poco, mode:EDIT
2026-05-12 00:43:52, EXEC, v:1, k:fup@poco, mode:FULL, rate:50, size:33
2026-05-12 00:45:53, EXEC, v:1, k:fup@poco, mode:FULL, rate:66, size:31
2026-05-12 00:46:24, EXEC, v:1, k:fup@poco, mode:FULL, rate:66, size:24
2026-05-12 00:46:23, MOVE, v:1, k:fup@poco, mode:EDIT
2026-05-12 00:46:24, MOVE, v:1, k:fup@poco, mode:EDIT
2026-05-12 00:44:05, MOVE, v:1, k:fup@poco, mode:EDIT
2026-05-12 00:48:08, EXEC, v:1, k:fup@poco, mode:FULL, rate:66, size:34
2026-05-12 00:48:32, MOVE, v:1, k:fup@poco, mode:BACK
2026-05-12 00:50:39, MOVE, v:1, k:fup@poco, mode:PICK
2026-05-12 00:48:25, MOVE, v:1, k:fup@poco, mode:EDIT
2026-05-12 00:48:08, MOVE, v:1, k:fup@poco, mode:EDIT
2026-05-12 00:53:38, EXEC, v:1, k:fup@poco, mode:FULL, rate:50, size:34
2026-05-12 00:53:58, MOVE, v:1, k:fup@poco, mode:BACK
2026-05-12 17:17:10, MOVE, v:1, k:fup@poco, mode:PICK
2026-05-12 17:17:13, EXEC, v:1, k:fup@poco, mode:FULL, rate:50
2026-05-12 17:18:48, MOVE, v:1, k:fup@poco, mode:BACK
2026-05-12 17:18:52, MOVE, v:1, k:fup@vet_i, mode:PICK
2026-05-12 17:19:01, EXEC, v:1, k:fup@vet_i, mode:FULL, rate:0, size:21
2026-05-12 17:19:40, EXEC, v:1, k:fup@vet_i, mode:FULL, rate:0
2026-05-12 17:17:13, MOVE, v:1, k:fup@poco, mode:EDIT
2026-05-12 17:19:40, MOVE, v:1, k:fup@vet_i, mode:EDIT
2026-05-12 17:22:16, MOVE, v:1, k:fup@vet_i, mode:BACK
2026-05-12 17:22:24, MOVE, v:1, k:sandbox@user_003, mode:PICK
2026-05-12 17:23:42, MOVE, v:1, k:sandbox@user_003, mode:BACK
2026-05-12 17:23:44, MOVE, v:1, k:sandbox@user_002, mode:PICK
2026-05-12 17:25:37, MOVE, v:1, k:sandbox@user_002, mode:BACK
2026-05-12 17:25:52, MOVE, v:1, k:fup@vet_i, mode:PICK
2026-05-12 17:25:53, EXEC, v:1, k:fup@vet_i, mode:FULL, rate:0
2026-05-12 17:27:06, MOVE, v:1, k:fup@vet_i, mode:PICK
2026-05-12 17:27:07, EXEC, v:1, k:fup@vet_i, mode:FULL, rate:0
2026-05-12 17:27:46, EXEC, v:1, k:fup@vet_i, mode:FULL, rate:0
2026-05-12 17:31:26, EXEC, v:1, k:fup@vet_i, mode:FULL, rate:0, size:21
2026-05-12 17:31:35, EXEC, v:1, k:fup@vet_i, mode:FULL, rate:0, size:21
2026-05-12 17:31:42, MOVE, v:1, k:fup@vet_i, mode:BACK
2026-05-12 17:31:56, MOVE, v:1, k:fup@vet_i, mode:PICK
2026-05-12 17:31:57, EXEC, v:1, k:fup@vet_i, mode:FULL, size:23, fail:COMP
2026-05-12 17:31:58, EXEC, v:1, k:fup@vet_i, mode:FULL, fail:COMP
2026-05-12 17:32:02, MOVE, v:1, k:fup@vet_i, mode:BACK
2026-05-12 17:32:03, MOVE, v:1, k:fup@vet_i, mode:PICK
2026-05-12 17:31:35, MOVE, v:1, k:fup@vet_i, mode:EDIT
2026-05-12 17:31:54, MOVE, v:1, k:fup@vet_i, mode:EDIT
2026-05-12 17:32:06, EXEC, v:1, k:fup@vet_i, mode:FULL, fail:COMP
2026-05-12 17:32:14, EXEC, v:1, k:fup@vet_i, mode:FULL, rate:0, size:21
2026-05-12 17:32:25, EXEC, v:1, k:fup@vet_i, mode:FULL, rate:0, size:21
2026-05-12 17:32:31, EXEC, v:1, k:fup@vet_i, mode:FULL, rate:0, size:21
2026-05-12 17:32:37, EXEC, v:1, k:fup@vet_i, mode:FULL, rate:0, size:21
2026-05-12 17:33:11, MOVE, v:1, k:fup@vet_i, mode:BACK
2026-05-12 17:36:49, MOVE, v:1, k:fup@vet_i, mode:EDIT
2026-05-12 17:32:37, MOVE, v:1, k:fup@vet_i, mode:EDIT
2026-05-12 17:39:51, MOVE, v:1, k:sandbox@user_004, mode:PICK
2026-05-12 17:40:08, MOVE, v:1, k:sandbox@user_004, mode:BACK
2026-05-12 17:40:18, MOVE, v:1, k:fup@vet_i, mode:PICK
2026-05-12 17:42:04, MOVE, v:1, k:fup@vet_i, mode:EDIT
2026-05-12 17:39:50, MOVE, v:1, k:sandbox@user_004, mode:EDIT
2026-05-12 17:40:00, MOVE, v:1, k:sandbox@user_004, mode:EDIT
2026-05-12 17:42:14, MOVE, v:1, k:fup@vet_i, mode:BACK
2026-05-12 17:42:20, MOVE, v:1, k:fup@vet_ii, mode:DOWN
2026-05-12 17:42:22, MOVE, v:1, k:fup@vet_ii, mode:PICK
2026-05-12 17:42:32, MOVE, v:1, k:fup@vet_ii, mode:BACK
2026-05-12 17:42:36, MOVE, v:1, k:fup@vet_i, mode:PICK
2026-05-12 17:42:20, MOVE, v:1, k:fup@vet_ii, mode:EDIT
2026-05-12 17:42:20, MOVE, v:1, k:fup@vet_ii, mode:EDIT
2026-05-12 17:47:18, MOVE, v:1, k:fup@vet_i, mode:EDIT
2026-05-12 17:50:40, EXEC, v:1, k:fup@vet_i, mode:FULL, rate:75, size:16
2026-05-12 17:50:39, MOVE, v:1, k:fup@vet_i, mode:EDIT
2026-05-12 17:50:40, MOVE, v:1, k:fup@vet_i, mode:EDIT
2026-05-12 17:53:41, EXEC, v:1, k:fup@vet_i, mode:FULL, rate:0, size:16
2026-05-12 17:54:04, EXEC, v:1, k:fup@vet_i, mode:FULL, rate:75, size:16
2026-05-12 17:57:17, MOVE, v:1, k:fup@vet_i, mode:BACK
2026-05-12 17:56:22, MOVE, v:1, k:fup@vet_i, mode:EDIT
2026-05-12 17:54:04, MOVE, v:1, k:fup@vet_i, mode:EDIT
